+ srcdir=.
+ GINFO=./ginfo --init-file ./t/Infokey-config
+ GINFO_NAME=ginfo
+ infodir=./t/infodir
+ export infodir
+ INFOPATH=./t/infodir
+ export INFOPATH
+ t=./t
+ export t
+ basename ./t/all-only.sh.out
+ GINFO_OUTPUT=t/all-only.sh.out
+ basename ./t/all-only.sh.pipein
+ PIPEIN=t/all-only.sh.pipein
+ basename ./t/all-only.sh.pipeout
+ PTY_TYPE=t/all-only.sh.pipeout
+ rm -f t/all-only.sh.out
+ INFO_PRINT_COMMAND=>t/all-only.sh.out
+ export INFO_PRINT_COMMAND
+ PTY_PID=0
+ SUBSHELL=0
+ LC_ALL=C
+ export LC_ALL
+ TERM=dumb
+ export TERM
+ STTY=true
+ reset_required=no
+ trap cleanup 2
+ . ./t/Init-inter.inc
+ test -x pseudotty
+ path_sep=:
+ TERM=vt100
+ export TERM
+ basename ./t/all-only.sh.finished
+ FINISHEDFIFO=t/all-only.sh.finished
+ findprog stty
+ saveIFS= 	

+ IFS=:
+ IFS= 	

+ test -f /usr/local/bin/stty
+ test -f /usr/local/bin/stty.exe
+ IFS= 	

+ test -f /usr/bin/stty
+ test -f /usr/bin/stty.exe
+ IFS= 	

+ test -f /bin/stty
+ test -x /bin/stty
+ return 0
+ STTY=stty
+ reset_required=yes
+ test yes=yes
+ stty
+ grep [-]echo
stty: 'standard input': Inappropriate ioctl for device
+ rm -f t/all-only.sh.pipein t/all-only.sh.pipeout
+ findprog mkfifo
+ saveIFS= 	

+ IFS=:
+ IFS= 	

+ test -f /usr/local/bin/mkfifo
+ test -f /usr/local/bin/mkfifo.exe
+ IFS= 	

+ test -f /usr/bin/mkfifo
+ test -x /usr/bin/mkfifo
+ return 0
+ mkfifo t/all-only.sh.pipein
+ mkfifo t/all-only.sh.pipeout
+ test ! -r t/all-only.sh.pipein
+ test ! -r t/all-only.sh.pipeout
+ PTY_PID=27315
+ + read PTS_DEVICEexec
 ./pseudotty t/all-only.sh.pipeout
./pseudotty: getting pty master fd
./pseudotty: unlocking slave device
./pseudotty: getting file name of slave device...
./pseudotty: /dev/pts/2
./pseudotty: opening slave device
./pseudotty: attempting to set window size
./pseudotty: ...succeeded
./pseudotty: opening control channel
./pseudotty: + entering main loopexec

+ LIBC_FATAL_STDERR_=1
+ export LIBC_FATAL_STDERR
+ MANPATH=.
+ export MANPATH
+ run_ginfo --all intera
+ rm -f t/all-only.sh.finished
+ mkfifo t/all-only.sh.finished
+ SUBSHELL=27323
+ exec
+ exec
+ exec
+ findprog pgrep
+ saveIFS= 	

+ IFS=:
+ IFS= 	

+ test -f /usr/local/bin/pgrep
+ test -f /usr/local/bin/pgrep.exe
+ IFS= 	

+ test -f /usr/bin/pgrep
+ test -x /usr/bin/pgrep
+ return 0
+ echo Fetching PID of ginfo process under test...
Fetching PID of ginfo process under test...
+ GINFO_PID=
+ exec
+ ./ginfo --init-file ./t/Infokey-config --all intera
+ pgrep -P 27323 ginfo
info: "./t/Infokey-config", line 2: unknown action `xxx-not-recognized'
info: "./t/Infokey-config", line 3: cannot bind key sequence to menu-digit
+ test 0 -eq 0
+ GINFO_PID=27327
+ test 0 -eq 99
+ echo 27327
+ grep ^0$\|^1$
+ wc -l
+ echo 27327
+ grep -v ^[0-9]*$
+ test 1 -eq 0
+ echo 27327
+ tr -d \n
+ GINFO_PID=27327
+ test 27327 = 
+ break
+ test 27327 = 
+ echo ...27327
...27327
+ printf Dq
+ . ./t/Timeout-test.inc./pseudotty: 
trying to read
./pseudotty: read byte 0x44
+ TIMED_OUT=
./pseudotty: trying to read+ 
status=0./pseudotty: 
read byte 0x71
+ test 0 -eq 0
+ echo finished
+ read -t 0
./t/all-only.sh: 26: read: Illegal option -t
+ test 2 != 2
+ exit 1
+ test 1 != 0
+ status=2
+ test 2 != 2
+ test 2 != 2
+ RETVAL=0
+ test 2 = 1
+ test 2 != 0 -a 2 -le 128
+ rm -f t/all-only.sh.finished
+ echo read -t not supported - test skipped
read -t not supported - test skipped
+ RETVAL=77
+ cleanup
+ test 27315 -ne 0
+ kill 27315
+ test 27323 -ne 0
+ kill 27323
./t/all-only.sh: 74: kill: No such process

+ rm -f t/all-only.sh.out
+ rm -f t/all-only.sh.pipein t/all-only.sh.pipeout
+ rm -f t/all-only.sh.finished
+ test yes = yes
+ stty
stty: 'standard input': Inappropriate ioctl for device
+ grep [-]echo
+ test -n 
+ exit 77
SKIP t/all-only.sh (exit status: 77)
