+ srcdir=.
+ GINFO=./ginfo --init-file ./t/Infokey-config
+ GINFO_NAME=ginfo
+ infodir=./t/infodir
+ export infodir
+ INFOPATH=./t/infodir
+ export INFOPATH
+ t=./t
+ export t
+ basename ./t/c-u-m-x-scroll-forward.sh.out
+ GINFO_OUTPUT=t/c-u-m-x-scroll-forward.sh.out
+ basename ./t/c-u-m-x-scroll-forward.sh.pipein
+ PIPEIN=t/c-u-m-x-scroll-forward.sh.pipein
+ basename ./t/c-u-m-x-scroll-forward.sh.pipeout
+ PTY_TYPE=t/c-u-m-x-scroll-forward.sh.pipeout
+ rm -f t/c-u-m-x-scroll-forward.sh.out
+ INFO_PRINT_COMMAND=>t/c-u-m-x-scroll-forward.sh.out
+ export INFO_PRINT_COMMAND
+ PTY_PID=0
+ SUBSHELL=0
+ LC_ALL=C
+ export LC_ALL
+ TERM=dumb
+ export TERM
+ STTY=true
+ reset_required=no
+ trap cleanup 2
+ . ./t/Init-inter.inc
+ test -x pseudotty
+ path_sep=:
+ TERM=vt100
+ export TERM
+ basename ./t/c-u-m-x-scroll-forward.sh.finished
+ FINISHEDFIFO=t/c-u-m-x-scroll-forward.sh.finished
+ findprog stty
+ saveIFS= 	

+ IFS=:
+ IFS= 	

+ test -f /usr/local/bin/stty
+ test -f /usr/local/bin/stty.exe
+ IFS= 	

+ test -f /usr/bin/stty
+ test -f /usr/bin/stty.exe
+ IFS= 	

+ test -f /bin/stty
+ test -x /bin/stty
+ return 0
+ STTY=stty
+ reset_required=yes
+ test yes=yes
+ stty
+ grep [-]echo
stty: 'standard input': Inappropriate ioctl for device
+ rm -f t/c-u-m-x-scroll-forward.sh.pipein t/c-u-m-x-scroll-forward.sh.pipeout
+ findprog mkfifo
+ saveIFS= 	

+ IFS=:
+ IFS= 	

+ test -f /usr/local/bin/mkfifo
+ test -f /usr/local/bin/mkfifo.exe
+ IFS= 	

+ test -f /usr/bin/mkfifo
+ test -x /usr/bin/mkfifo
+ return 0
+ mkfifo t/c-u-m-x-scroll-forward.sh.pipein
+ mkfifo t/c-u-m-x-scroll-forward.sh.pipeout
+ test ! -r t/c-u-m-x-scroll-forward.sh.pipein
+ test ! -r t/c-u-m-x-scroll-forward.sh.pipeout
+ PTY_PID=27747
+ + read PTS_DEVICE
exec ./pseudotty t/c-u-m-x-scroll-forward.sh.pipeout
./pseudotty: getting pty master fd
./pseudotty: unlocking slave device
./pseudotty: getting file name of slave device...
./pseudotty: /dev/pts/6
./pseudotty: opening slave device
./pseudotty: attempting to set window size
./pseudotty: ...succeeded
./pseudotty: opening control channel
+ exec
+ LIBC_FATAL_STDERR_=1
+ export LIBC_FATAL_STDERR
+ LINES=7
+ export LINES
+ COLUMNS=80
+ export COLUMNS
+ run_ginfo -f intera -n Scroll four lines
+ rm -f t/c-u-m-x-scroll-forward.sh.finished
./pseudotty: entering main loop
+ mkfifo t/c-u-m-x-scroll-forward.sh.finished
+ SUBSHELL=27762
+ exec
+ exec
+ exec
+ ./ginfo+  --init-fileexec ./t/Infokey-config
 -f+  interafindprog -n pgrep Scroll four lines

+ saveIFS= 	

+ IFS=:
+ IFS= 	

+ test -f /usr/local/bin/pgrep
+ test -f /usr/local/bin/pgrep.exe
+ IFS= 	

+ test -f /usr/bin/pgrep
+ test -x /usr/bin/pgrep
+ return 0
+ echo Fetching PID of ginfo process under test...
Fetching PID of ginfo process under test...
+ GINFO_PID=
+ pgrep -P 27762 ginfo
info: "./t/Infokey-config", line 2: unknown action `xxx-not-recognized'
info: "./t/Infokey-config", line 3: cannot bind key sequence to menu-digit
+ test 0 -eq 0
+ GINFO_PID=27764
+ test 0 -eq 99
+ echo 27764
+ wc -l
+ grep ^0$\|^1$
+ echo 27764
+ grep -v ^[0-9]*$
+ test 1 -eq 0
+ echo 27764
+ tr -d \n
+ GINFO_PID=27764
+ test 27764 = 
+ break
+ test 27764 = 
+ echo ...27764
...27764
+ printf \025\033xscroll-forward\r
+ ./pseudotty: printftrying to read \rDq

./pseudotty: read byte 0x15+ 
. ./t/Timeout-test.inc
./pseudotty: trying to read
./pseudotty: read byte 0x1B
+ ./pseudotty: TIMED_OUT=trying to read

./pseudotty: read byte 0x78+ 
status=0
./pseudotty: trying to read
./pseudotty: read byte 0x73
./pseudotty: trying to read
./pseudotty: read byte 0x63
./pseudotty: trying to read
./pseudotty: read byte 0x72
./pseudotty: trying to read
./pseudotty: read byte 0x6F
./pseudotty: trying to read
./pseudotty: read byte 0x6C
./pseudotty: trying to read
./pseudotty: read byte 0x6C
./pseudotty: trying to read
./pseudotty: read byte 0x2D
./pseudotty: trying to read
./pseudotty: read byte 0x66
./pseudotty: trying to read
./pseudotty: read byte 0x6F
./pseudotty: trying to read
./pseudotty: read byte 0x72
./pseudotty: trying to read
./pseudotty: read byte 0x77
./pseudotty: trying to read
./pseudotty: read byte 0x61
./pseudotty: trying to read
./pseudotty: read byte 0x72
./pseudotty: trying to read
./pseudotty: read byte 0x64
./pseudotty: trying to read
./pseudotty: read byte 0x0D
./pseudotty: trying to read
./pseudotty: read byte 0x0D
./pseudotty: trying to read
./pseudotty: read byte 0x44
./pseudotty: trying to read
./pseudotty: read byte 0x71
+ + test 0 -eq 0
+ echo finished
read -t 0
./t/c-u-m-x-scroll-forward.sh: 26: read: Illegal option -t
+ test 2 != 2
+ exit 1
+ test 1 != 0
+ status=2
+ test 2 != 2
+ test 2 != 2
+ RETVAL=0
+ test 2 = 1
+ test 2 != 0 -a 2 -le 128
+ rm -f t/c-u-m-x-scroll-forward.sh.finished
+ echo read -t not supported - test skipped
read -t not supported - test skipped
+ RETVAL=77
+ cleanup
+ test 27747 -ne 0
+ kill 27747
+ test 27762 -ne 0
+ kill 27762
./t/c-u-m-x-scroll-forward.sh: 74: kill: No such process

+ rm -f t/c-u-m-x-scroll-forward.sh.out
+ rm -f t/c-u-m-x-scroll-forward.sh.pipein t/c-u-m-x-scroll-forward.sh.pipeout
+ rm -f t/c-u-m-x-scroll-forward.sh.finished
+ test yes = yes
+ stty
+ grep [-]echo
stty: 'standard input': Inappropriate ioctl for device
+ test -n 
+ exit 77
SKIP t/c-u-m-x-scroll-forward.sh (exit status: 77)
