+ srcdir=.
+ GINFO=./ginfo --init-file ./t/Infokey-config
+ GINFO_NAME=ginfo
+ infodir=./t/infodir
+ export infodir
+ INFOPATH=./t/infodir
+ export INFOPATH
+ t=./t
+ export t
+ basename ./t/dir-entry-to-subdir.sh.out
+ GINFO_OUTPUT=t/dir-entry-to-subdir.sh.out
+ basename ./t/dir-entry-to-subdir.sh.pipein
+ PIPEIN=t/dir-entry-to-subdir.sh.pipein
+ basename ./t/dir-entry-to-subdir.sh.pipeout
+ PTY_TYPE=t/dir-entry-to-subdir.sh.pipeout
+ rm -f t/dir-entry-to-subdir.sh.out
+ INFO_PRINT_COMMAND=>t/dir-entry-to-subdir.sh.out
+ export INFO_PRINT_COMMAND
+ PTY_PID=0
+ SUBSHELL=0
+ LC_ALL=C
+ export LC_ALL
+ TERM=dumb
+ export TERM
+ STTY=true
+ reset_required=no
+ trap cleanup 2
+ . ./t/Init-inter.inc
+ test -x pseudotty
+ path_sep=:
+ TERM=vt100
+ export TERM
+ basename ./t/dir-entry-to-subdir.sh.finished
+ FINISHEDFIFO=t/dir-entry-to-subdir.sh.finished
+ findprog stty
+ saveIFS= 	

+ IFS=:
+ IFS= 	

+ test -f /usr/local/bin/stty
+ test -f /usr/local/bin/stty.exe
+ IFS= 	

+ test -f /usr/bin/stty
+ test -f /usr/bin/stty.exe
+ IFS= 	

+ test -f /bin/stty
+ test -x /bin/stty
+ return 0
+ STTY=stty
+ reset_required=yes
+ test yes=yes
+ stty
stty: 'standard input': Inappropriate ioctl for device
+ grep [-]echo
+ rm -f t/dir-entry-to-subdir.sh.pipein t/dir-entry-to-subdir.sh.pipeout
+ findprog mkfifo
+ saveIFS= 	

+ IFS=:
+ IFS= 	

+ test -f /usr/local/bin/mkfifo
+ test -f /usr/local/bin/mkfifo.exe
+ IFS= 	

+ test -f /usr/bin/mkfifo
+ test -x /usr/bin/mkfifo
+ return 0
+ mkfifo t/dir-entry-to-subdir.sh.pipein
+ mkfifo t/dir-entry-to-subdir.sh.pipeout
+ test ! -r t/dir-entry-to-subdir.sh.pipein
+ test ! -r t/dir-entry-to-subdir.sh.pipeout
+ PTY_PID=27237
+ + read PTS_DEVICEexec
 ./pseudotty t/dir-entry-to-subdir.sh.pipeout
./pseudotty: getting pty master fd
./pseudotty: unlocking slave device
./pseudotty: getting file name of slave device...
./pseudotty: /dev/pts/2
./pseudotty: opening slave device
./pseudotty: attempting to set window size
./pseudotty: ...succeeded
./pseudotty: opening control channel
+ exec
+ LIBC_FATAL_STDERR_=1
+ export LIBC_FATAL_STDERR
+ run_ginfo subdir
+ rm -f t/dir-entry-to-subdir.sh.finished
./pseudotty: entering main loop
+ mkfifo t/dir-entry-to-subdir.sh.finished
+ SUBSHELL=27249
+ exec
+ exec
+ exec
+ findprog pgrep
+ saveIFS= 	

+ IFS=:
+ IFS= 	

+ test -f /usr/local/bin/pgrep
+ test -f /usr/local/bin/pgrep.exe
+ IFS= 	

+ test -f /usr/bin/pgrep
+ test -x /usr/bin/pgrep
+ return 0
+ echo Fetching PID of ginfo process under test...
Fetching PID of ginfo process under test...
+ GINFO_PID=
+ exec
+ ./ginfo --init-file ./t/Infokey-config subdir
info: "./t/Infokey-config", line 2: unknown action `xxx-not-recognized'
info: "./t/Infokey-config", line 3: cannot bind key sequence to menu-digit
+ pgrep -P 27249 ginfo
+ test 0 -eq 0
+ GINFO_PID=27251
+ test 0 -eq 99
+ echo 27251
+ grep ^0$\|^1$
+ wc -l
+ grep -v ^[0-9]*$
+ echo 27251
+ test 1 -eq 0
+ echo 27251
+ tr -d \n
+ GINFO_PID=27251
+ test 27251 = 
+ break
+ test 27251 = 
+ echo ...27251
...27251
+ printf Dq
+ . ./t/Timeout-test.inc
+ TIMED_OUT=
+ status=0
./pseudotty: trying to read
./pseudotty: read byte 0x44
+ ./pseudotty: trying to read
./pseudotty: read byte 0x71
read -t 0
./t/dir-entry-to-subdir.sh: 26: read: Illegal option -t
+ test 2 != 2
+ exit 1
+ test 1 != 0
+ status=2
+ test 2 != 2
+ test 2 != 2
+ RETVAL=0
+ test 2 = 1
+ test 2 != 0 -a 2 -le 128
+ rm -f t/dir-entry-to-subdir.sh.finished
+ test 0 -eq 0
+ echo finished
+ echo read -t not supported - test skipped
read -t not supported - test skipped
+ RETVAL=77
+ cleanup
+ test 27237 -ne 0
+ kill 27237
+ test 27249 -ne 0
+ kill 27249
./t/dir-entry-to-subdir.sh: 74: kill: No such process

+ rm -f t/dir-entry-to-subdir.sh.out
+ rm -f t/dir-entry-to-subdir.sh.pipein t/dir-entry-to-subdir.sh.pipeout
+ rm -f t/dir-entry-to-subdir.sh.finished
+ test yes = yes
+ stty
+ grep [-]echo
stty: 'standard input': Inappropriate ioctl for device
+ test -n 
+ exit 77
SKIP t/dir-entry-to-subdir.sh (exit status: 77)
