+ srcdir=.
+ GINFO=./ginfo --init-file ./t/Infokey-config
+ GINFO_NAME=ginfo
+ infodir=./t/infodir
+ export infodir
+ INFOPATH=./t/infodir
+ export INFOPATH
+ t=./t
+ export t
+ basename ./t/dir-file-menu.sh.out
+ GINFO_OUTPUT=t/dir-file-menu.sh.out
+ basename ./t/dir-file-menu.sh.pipein
+ PIPEIN=t/dir-file-menu.sh.pipein
+ basename ./t/dir-file-menu.sh.pipeout
+ PTY_TYPE=t/dir-file-menu.sh.pipeout
+ rm -f t/dir-file-menu.sh.out
+ INFO_PRINT_COMMAND=>t/dir-file-menu.sh.out
+ export INFO_PRINT_COMMAND
+ PTY_PID=0
+ SUBSHELL=0
+ LC_ALL=C
+ export LC_ALL
+ TERM=dumb
+ export TERM
+ STTY=true
+ reset_required=no
+ trap cleanup 2
+ grep Arrived at Node 1.
+ ./ginfo --init-file ./t/Infokey-config --output - file-menu First entry
info: "./t/Infokey-config", line 2: unknown action `xxx-not-recognized'
info: "./t/Infokey-config", line 3: cannot bind key sequence to menu-digit
Arrived at Node 1.
PASS t/dir-file-menu.sh (exit status: 0)
