+ srcdir=.
+ GINFO=./ginfo --init-file ./t/Infokey-config
+ GINFO_NAME=ginfo
+ infodir=./t/infodir
+ export infodir
+ INFOPATH=./t/infodir
+ export INFOPATH
+ t=./t
+ export t
+ basename ./t/dir-dangling-entry.sh.out
+ GINFO_OUTPUT=t/dir-dangling-entry.sh.out
+ basename ./t/dir-dangling-entry.sh.pipein
+ PIPEIN=t/dir-dangling-entry.sh.pipein
+ basename ./t/dir-dangling-entry.sh.pipeout
+ PTY_TYPE=t/dir-dangling-entry.sh.pipeout
+ rm -f t/dir-dangling-entry.sh.out
+ INFO_PRINT_COMMAND=>t/dir-dangling-entry.sh.out
+ export INFO_PRINT_COMMAND
+ PTY_PID=0
+ SUBSHELL=0
+ LC_ALL=C
+ export LC_ALL
+ TERM=dumb
+ export TERM
+ STTY=true
+ reset_required=no
+ trap cleanup 2
+ ./ginfo --init-file ./t/Infokey-config non-existent
+ grep No menu item
info: No menu item 'non-existent' in node '(dir)Top'.
+ RETVAL=0
+ cleanup
+ test 0 -ne 0
+ test 0 -ne 0
+ rm -f t/dir-dangling-entry.sh.out
+ rm -f t/dir-dangling-entry.sh.pipein t/dir-dangling-entry.sh.pipeout
+ rm -f
+ test no = yes
+ test -n 
+ exit 0
PASS t/dir-dangling-entry.sh (exit status: 0)
