+ srcdir=.
+ GINFO=./ginfo --init-file ./t/Infokey-config
+ GINFO_NAME=ginfo
+ infodir=./t/infodir
+ export infodir
+ INFOPATH=./t/infodir
+ export INFOPATH
+ t=./t
+ export t
+ basename ./t/empty-infopath.sh.out
+ GINFO_OUTPUT=t/empty-infopath.sh.out
+ basename ./t/empty-infopath.sh.pipein
+ PIPEIN=t/empty-infopath.sh.pipein
+ basename ./t/empty-infopath.sh.pipeout
+ PTY_TYPE=t/empty-infopath.sh.pipeout
+ rm -f t/empty-infopath.sh.out
+ INFO_PRINT_COMMAND=>t/empty-infopath.sh.out
+ export INFO_PRINT_COMMAND
+ PTY_PID=0
+ SUBSHELL=0
+ LC_ALL=C
+ export LC_ALL
+ TERM=dumb
+ export TERM
+ STTY=true
+ reset_required=no
+ trap cleanup 2
+ . ./t/Init-inter.inc
+ test -x pseudotty
+ path_sep=:
+ TERM=vt100
+ export TERM
+ basename ./t/empty-infopath.sh.finished
+ FINISHEDFIFO=t/empty-infopath.sh.finished
+ findprog stty
+ saveIFS= 	

+ IFS=:
+ IFS= 	

+ test -f /usr/local/bin/stty
+ test -f /usr/local/bin/stty.exe
+ IFS= 	

+ test -f /usr/bin/stty
+ test -f /usr/bin/stty.exe
+ IFS= 	

+ test -f /bin/stty
+ test -x /bin/stty
+ return 0
+ STTY=stty
+ reset_required=yes
+ test yes=yes
+ stty
stty: 'standard input': Inappropriate ioctl for device
+ grep [-]echo
+ rm -f t/empty-infopath.sh.pipein t/empty-infopath.sh.pipeout
+ findprog mkfifo
+ saveIFS= 	

+ IFS=:
+ IFS= 	

+ test -f /usr/local/bin/mkfifo
+ test -f /usr/local/bin/mkfifo.exe
+ IFS= 	

+ test -f /usr/bin/mkfifo
+ test -x /usr/bin/mkfifo
+ return 0
+ mkfifo t/empty-infopath.sh.pipein
+ mkfifo t/empty-infopath.sh.pipeout
+ test ! -r t/empty-infopath.sh.pipein
+ test ! -r t/empty-infopath.sh.pipeout
+ PTY_PID=28509
+ + read PTS_DEVICEexec
 ./pseudotty t/empty-infopath.sh.pipeout
./pseudotty: getting pty master fd
./pseudotty: unlocking slave device
./pseudotty: getting file name of slave device...
./pseudotty: /dev/pts/3
./pseudotty: opening slave device
./pseudotty: attempting to set window size
./pseudotty: ...succeeded
./pseudotty: opening control channel
+ exec
+ LIBC_FATAL_STDERR_=1
+ export LIBC_FATAL_STDERR
+ INFOPATH=
+ export INFOPATH
+ run_ginfo
+ rm -f t/empty-infopath.sh.finished
./pseudotty: entering main loop
+ mkfifo t/empty-infopath.sh.finished
+ SUBSHELL=28514
+ exec
+ exec+ 
exec
+ + ./ginfoexec --init-file
 ./t/Infokey-config
+ findprog pgrep
+ saveIFS= 	

+ IFS=:
+ IFS= 	

+ test -f /usr/local/bin/pgrep
+ test -f /usr/local/bin/pgrep.exe
+ IFS= 	

+ test -f /usr/bin/pgrep
+ test -x /usr/bin/pgrep
+ return 0
+ echo Fetching PID of ginfo process under test...
Fetching PID of ginfo process under test...
+ GINFO_PID=
+ pgrep -P 28514 ginfo
info: "./t/Infokey-config", line 2: unknown action `xxx-not-recognized'
info: "./t/Infokey-config", line 3: cannot bind key sequence to menu-digit
+ test 0 -eq 0
+ GINFO_PID=28515
+ test 0 -eq 99
+ echo 28515
+ wc -l
+ grep ^0$\|^1$
+ echo 28515
+ grep -v ^[0-9]*$
+ test 1 -eq 0
+ echo 28515
+ tr -d \n
+ GINFO_PID=28515
+ test 28515 = 
+ break
+ test 28515 = 
+ echo ...28515
...28515
+ printf q
+ ../pseudotty:  ./t/Timeout-test.inctrying to read

./pseudotty: read byte 0x71
+ TIMED_OUT=
+ status=0
+ read -t 0
./t/empty-infopath.sh: 26: read: Illegal option -t
+ test 2 != 2
+ exit 1
+ test 0 -eq 0
+ echo finished
+ test 1 != 0
+ status=2
+ test 2 != 2
+ test 2 != 2
+ RETVAL=0
+ test 2 = 1
+ test 2 != 0 -a 2 -le 128
+ rm -f t/empty-infopath.sh.finished
+ echo read -t not supported - test skipped
read -t not supported - test skipped
+ RETVAL=77
+ cleanup
+ test 28509 -ne 0
+ kill 28509
+ test 28514 -ne 0
+ kill 28514
./t/empty-infopath.sh: 74: kill: No such process

+ rm -f t/empty-infopath.sh.out
+ rm -f t/empty-infopath.sh.pipein t/empty-infopath.sh.pipeout
+ rm -f t/empty-infopath.sh.finished
+ test yes = yes
+ stty
+ grep [-]echo
stty: 'standard input': Inappropriate ioctl for device
+ test -n 
+ exit 77
SKIP t/empty-infopath.sh (exit status: 77)
