+ srcdir=.
+ GINFO=./ginfo --init-file ./t/Infokey-config
+ GINFO_NAME=ginfo
+ infodir=./t/infodir
+ export infodir
+ INFOPATH=./t/infodir
+ export INFOPATH
+ t=./t
+ export t
+ basename ./t/end-of-line.sh.out
+ GINFO_OUTPUT=t/end-of-line.sh.out
+ basename ./t/end-of-line.sh.pipein
+ PIPEIN=t/end-of-line.sh.pipein
+ basename ./t/end-of-line.sh.pipeout
+ PTY_TYPE=t/end-of-line.sh.pipeout
+ rm -f t/end-of-line.sh.out
+ INFO_PRINT_COMMAND=>t/end-of-line.sh.out
+ export INFO_PRINT_COMMAND
+ PTY_PID=0
+ SUBSHELL=0
+ LC_ALL=C
+ export LC_ALL
+ TERM=dumb
+ export TERM
+ STTY=true
+ reset_required=no
+ trap cleanup 2
+ . ./t/Init-inter.inc
+ test -x pseudotty
+ path_sep=:
+ TERM=vt100
+ export TERM
+ basename ./t/end-of-line.sh.finished
+ FINISHEDFIFO=t/end-of-line.sh.finished
+ findprog stty
+ saveIFS= 	

+ IFS=:
+ IFS= 	

+ test -f /usr/local/bin/stty
+ test -f /usr/local/bin/stty.exe
+ IFS= 	

+ test -f /usr/bin/stty
+ test -f /usr/bin/stty.exe
+ IFS= 	

+ test -f /bin/stty
+ test -x /bin/stty
+ return 0
+ STTY=stty
+ reset_required=yes
+ test yes=yes
+ stty
+ grep [-]echo
stty: 'standard input': Inappropriate ioctl for device
+ rm -f t/end-of-line.sh.pipein t/end-of-line.sh.pipeout
+ findprog mkfifo
+ saveIFS= 	

+ IFS=:
+ IFS= 	

+ test -f /usr/local/bin/mkfifo
+ test -f /usr/local/bin/mkfifo.exe
+ IFS= 	

+ test -f /usr/bin/mkfifo
+ test -x /usr/bin/mkfifo
+ return 0
+ mkfifo t/end-of-line.sh.pipein
+ mkfifo t/end-of-line.sh.pipeout
+ test ! -r t/end-of-line.sh.pipein
+ test ! -r t/end-of-line.sh.pipeout
+ PTY_PID=27693
+ + read PTS_DEVICEexec
 ./pseudotty t/end-of-line.sh.pipeout
./pseudotty: getting pty master fd
./pseudotty: unlocking slave device
./pseudotty: getting file name of slave device...
./pseudotty: /dev/pts/2
./pseudotty: opening slave device
./pseudotty: attempting to set window size
./pseudotty: ...succeeded
./pseudotty: opening control channel
./pseudotty: + entering main loop
exec
+ LIBC_FATAL_STDERR_=1
+ export LIBC_FATAL_STDERR
+ run_ginfo -f intera
+ rm -f t/end-of-line.sh.finished
+ mkfifo t/end-of-line.sh.finished
+ SUBSHELL=27703
+ exec
+ exec
+ exec
+ + ./ginfoexec --init-file
 ./t/Infokey-config+  -ffindprog intera pgrep

+ saveIFS= 	

+ IFS=:
+ IFS= 	

+ test -f /usr/local/bin/pgrep
+ test -f /usr/local/bin/pgrep.exe
+ IFS= 	

+ test -f /usr/bin/pgrep
+ test -x /usr/bin/pgrep
+ return 0
+ echo Fetching PID of ginfo process under test...
Fetching PID of ginfo process under test...
+ GINFO_PID=
info: "./t/Infokey-config", line 2: unknown action `xxx-not-recognized'
info: "./t/Infokey-config", line 3: cannot bind key sequence to menu-digit
+ pgrep -P 27703 ginfo
+ test 0 -eq 0
+ GINFO_PID=27705
+ test 0 -eq 99
+ echo 27705
+ wc -l
+ grep ^0$\|^1$
+ echo 27705
+ grep -v ^[0-9]*$
+ test 1 -eq 0
+ tr -d \n
+ echo 27705
+ GINFO_PID=27705
+ test 27705 = 
+ break
+ test 27705 = 
+ echo ...27705
...27705
+ printf \x0e\x0e\x0e\x0e\x0e\x05\x0e\rDq
+ . ./t/Timeout-test.inc
+ TIMED_OUT=
+ status=0
./pseudotty: trying to read
./pseudotty: read byte 0x5C
./pseudotty: trying to read
./pseudotty: read byte 0x78
./pseudotty: trying to read
./pseudotty: read byte 0x30
./pseudotty: trying to read
./pseudotty: read byte 0x65
./pseudotty: trying to read
./pseudotty: read byte 0x5C
./pseudotty: trying to read
./pseudotty: read byte 0x78
./pseudotty: trying to read
./pseudotty: read byte 0x30
./pseudotty: trying to read
./pseudotty: + read byte 0x65
./pseudotty: trying to read
./pseudotty: read byte 0x5C
./pseudotty: readtrying to read -t
 0./pseudotty: 
read byte 0x78
./pseudotty: ./t/end-of-line.sh: 26: read: trying to readIllegal option -t

./pseudotty: read byte 0x30+ 
test./pseudotty:  2trying to read !=
 2./pseudotty: 
read byte 0x65
+ ./pseudotty: exittrying to read 1

./pseudotty: read byte 0x5C
./pseudotty: trying to read
./pseudotty: read byte 0x78
./pseudotty: trying to read
./pseudotty: read byte 0x30
./pseudotty: trying to read
./pseudotty: read byte 0x65
./pseudotty: trying to read
./pseudotty: read byte 0x5C
./pseudotty: trying to read
./pseudotty: read byte 0x78
./pseudotty: trying to read+ 
./pseudotty: testread byte 0x30 1
 !=./pseudotty:  0trying to read

./pseudotty: + read byte 0x65status=2

./pseudotty: trying to read
./pseudotty: read byte 0x5C+ 
./pseudotty: testtrying to read 2
 !=./pseudotty:  2read byte 0x78

./pseudotty: trying to read
+ ./pseudotty: testread byte 0x30 2
 !=./pseudotty:  2trying to read

./pseudotty: + read byte 0x35RETVAL=0

./pseudotty: trying to read
./pseudotty: read byte 0x5C
./pseudotty: trying to read
./pseudotty: + read byte 0x78test
 2./pseudotty:  =trying to read 1

./pseudotty: read byte 0x30+ 
test./pseudotty:  2trying to read !=
 0./pseudotty:  -aread byte 0x65 2
 -le./pseudotty:  128trying to read

./pseudotty: read byte 0x0D
+ ./pseudotty: rmtrying to read -f
 t/end-of-line.sh.finished./pseudotty: 
read byte 0x44
./pseudotty: trying to read
./pseudotty: read byte 0x71
+ echo read -t not supported - test skipped
read -t not supported - test skipped
+ RETVAL=77
+ cleanup
+ test 27693 -ne 0
+ kill 27693
+ test 27703 -ne 0
+ kill 27703
+ rm -f t/end-of-line.sh.out
+ rm -f t/end-of-line.sh.pipein t/end-of-line.sh.pipeout
+ rm -f t/end-of-line.sh.finished
+ test yes = yes
+ grep [-]echo
+ stty
stty: 'standard input': Inappropriate ioctl for device
+ test -n 
+ exit 77
SKIP t/end-of-line.sh (exit status: 77)
