+ srcdir=.
+ GINFO=./ginfo --init-file ./t/Infokey-config
+ GINFO_NAME=ginfo
+ infodir=./t/infodir
+ export infodir
+ INFOPATH=./t/infodir
+ export INFOPATH
+ t=./t
+ export t
+ basename ./t/file-nodes.sh.out
+ GINFO_OUTPUT=t/file-nodes.sh.out
+ basename ./t/file-nodes.sh.pipein
+ PIPEIN=t/file-nodes.sh.pipein
+ basename ./t/file-nodes.sh.pipeout
+ PTY_TYPE=t/file-nodes.sh.pipeout
+ rm -f t/file-nodes.sh.out
+ INFO_PRINT_COMMAND=>t/file-nodes.sh.out
+ export INFO_PRINT_COMMAND
+ PTY_PID=0
+ SUBSHELL=0
+ LC_ALL=C
+ export LC_ALL
+ TERM=dumb
+ export TERM
+ STTY=true
+ reset_required=no
+ trap cleanup 2
+ ./ginfo --init-file ./t/Infokey-config --output t/file-nodes.sh.out --file file-menu --node Node 1 --node Node 2
info: "./t/Infokey-config", line 2: unknown action `xxx-not-recognized'
info: "./t/Infokey-config", line 3: cannot bind key sequence to menu-digit
+ RETVAL=0
+ grep Arrived at Node 1 t/file-nodes.sh.out
Arrived at Node 1.
+ grep Arrived at Node 2 t/file-nodes.sh.out
Arrived at Node 2.
+ cleanup
+ test 0 -ne 0
+ test 0 -ne 0
+ rm -f t/file-nodes.sh.out
+ rm -f t/file-nodes.sh.pipein t/file-nodes.sh.pipeout
+ rm -f
+ test no = yes
+ test -n 
+ exit 0
PASS t/file-nodes.sh (exit status: 0)
