+ srcdir=.
+ GINFO=./ginfo --init-file ./t/Infokey-config
+ GINFO_NAME=ginfo
+ infodir=./t/infodir
+ export infodir
+ INFOPATH=./t/infodir
+ export INFOPATH
+ t=./t
+ export t
+ basename ./t/gc-split.sh.out
+ GINFO_OUTPUT=t/gc-split.sh.out
+ basename ./t/gc-split.sh.pipein
+ PIPEIN=t/gc-split.sh.pipein
+ basename ./t/gc-split.sh.pipeout
+ PTY_TYPE=t/gc-split.sh.pipeout
+ rm -f t/gc-split.sh.out
+ INFO_PRINT_COMMAND=>t/gc-split.sh.out
+ export INFO_PRINT_COMMAND
+ PTY_PID=0
+ SUBSHELL=0
+ LC_ALL=C
+ export LC_ALL
+ TERM=dumb
+ export TERM
+ STTY=true
+ reset_required=no
+ trap cleanup 2
+ . ./t/Init-inter.inc
+ test -x pseudotty
+ path_sep=:
+ TERM=vt100
+ export TERM
+ basename ./t/gc-split.sh.finished
+ FINISHEDFIFO=t/gc-split.sh.finished
+ findprog stty
+ saveIFS= 	

+ IFS=:
+ IFS= 	

+ test -f /usr/local/bin/stty
+ test -f /usr/local/bin/stty.exe
+ IFS= 	

+ test -f /usr/bin/stty
+ test -f /usr/bin/stty.exe
+ IFS= 	

+ test -f /bin/stty
+ test -x /bin/stty
+ return 0
+ STTY=stty
+ reset_required=yes
+ test yes=yes
+ stty
+ grep [-]echo
stty: 'standard input': Inappropriate ioctl for device
+ rm -f t/gc-split.sh.pipein t/gc-split.sh.pipeout
+ findprog mkfifo
+ saveIFS= 	

+ IFS=:
+ IFS= 	

+ test -f /usr/local/bin/mkfifo
+ test -f /usr/local/bin/mkfifo.exe
+ IFS= 	

+ test -f /usr/bin/mkfifo
+ test -x /usr/bin/mkfifo
+ return 0
+ mkfifo t/gc-split.sh.pipein
+ mkfifo t/gc-split.sh.pipeout
+ test ! -r t/gc-split.sh.pipein
+ test ! -r t/gc-split.sh.pipeout
+ PTY_PID=28908
+ exec ./pseudotty t/gc-split.sh.pipeout
+ read PTS_DEVICE
./pseudotty: getting pty master fd
./pseudotty: unlocking slave device
./pseudotty: getting file name of slave device...
./pseudotty: /dev/pts/5
./pseudotty: opening slave device
./pseudotty: attempting to set window size
./pseudotty: ...succeeded
./pseudotty: opening control channel
./pseudotty: + entering main loop
exec
+ LIBC_FATAL_STDERR_=1
+ export LIBC_FATAL_STDERR
+ run_ginfo -f split
+ rm -f t/gc-split.sh.finished
+ mkfifo t/gc-split.sh.finished
+ SUBSHELL=28911
+ exec
+ exec+ 
exec
+ + exec./ginfo
 --init-file+  ./t/Infokey-configfindprog -f pgrep split

+ saveIFS= 	

+ IFS=:
+ IFS= 	

+ test -f /usr/local/bin/pgrep
+ test -f /usr/local/bin/pgrep.exe
+ IFS= 	

+ test -f /usr/bin/pgrep
+ test -x /usr/bin/pgrep
+ return 0
+ echo Fetching PID of ginfo process under test...
Fetching PID of ginfo process under test...
+ GINFO_PID=
+ pgrep -P 28911 ginfo
info: "./t/Infokey-config", line 2: unknown action `xxx-not-recognized'
info: "./t/Infokey-config", line 3: cannot bind key sequence to menu-digit
+ test 0 -eq 0
+ GINFO_PID=28912
+ test 0 -eq 99
+ echo 28912
+ wc -l
+ grep ^0$\|^1$
+ echo 28912
+ grep -v ^[0-9]*$
+ test 1 -eq 0
+ echo 28912
+ tr -d \n
+ GINFO_PID=28912
+ test 28912 = 
+ break
+ test 28912 = 
+ echo ...28912
...28912
+ printf \023aa\033[B\014q
+ . ./t/Timeout-test.inc./pseudotty: 
trying to read
./pseudotty: read byte 0x13
+ TIMED_OUT=
./pseudotty: trying to read
+ ./pseudotty: status=0read byte 0x61

./pseudotty: trying to read
./pseudotty: read byte 0x61
./pseudotty: trying to read
./pseudotty: read byte 0x1B
./pseudotty: trying to read
./pseudotty: read byte 0x5B
./pseudotty: trying to read
./pseudotty: read byte 0x42
./pseudotty: trying to read
./pseudotty: read byte 0x0C
./pseudotty: + trying to read
./pseudotty: read byte 0x71
read -t 0
./t/gc-split.sh: 26: read: Illegal option -t
+ test 2 != 2
+ exit 1
+ + test 0test -eq 1 0 !=
 0
+ status=2
+ echo finished
+ test 2 != 2
+ test 2 != 2
+ RETVAL=0
+ test 2 = 1
+ test 2 != 0 -a 2 -le 128
+ rm -f t/gc-split.sh.finished
+ echo read -t not supported - test skipped
read -t not supported - test skipped
+ RETVAL=77
+ cleanup
+ test 28908 -ne 0
+ kill 28908
+ test 28911 -ne 0
+ kill 28911
./t/gc-split.sh: 74: kill: No such process

+ rm -f t/gc-split.sh.out
+ rm -f t/gc-split.sh.pipein t/gc-split.sh.pipeout
+ rm -f t/gc-split.sh.finished
+ test yes = yes
+ stty
+ grep [-]echo
stty: 'standard input': Inappropriate ioctl for device
+ test -n 
+ exit 77
SKIP t/gc-split.sh (exit status: 77)
