+ srcdir=.
+ GINFO=./ginfo --init-file ./t/Infokey-config
+ GINFO_NAME=ginfo
+ infodir=./t/infodir
+ export infodir
+ INFOPATH=./t/infodir
+ export INFOPATH
+ t=./t
+ export t
+ basename ./t/goal-column.sh.out
+ GINFO_OUTPUT=t/goal-column.sh.out
+ basename ./t/goal-column.sh.pipein
+ PIPEIN=t/goal-column.sh.pipein
+ basename ./t/goal-column.sh.pipeout
+ PTY_TYPE=t/goal-column.sh.pipeout
+ rm -f t/goal-column.sh.out
+ INFO_PRINT_COMMAND=>t/goal-column.sh.out
+ export INFO_PRINT_COMMAND
+ PTY_PID=0
+ SUBSHELL=0
+ LC_ALL=C
+ export LC_ALL
+ TERM=dumb
+ export TERM
+ STTY=true
+ reset_required=no
+ trap cleanup 2
+ . ./t/Init-inter.inc
+ test -x pseudotty
+ path_sep=:
+ TERM=vt100
+ export TERM
+ basename ./t/goal-column.sh.finished
+ FINISHEDFIFO=t/goal-column.sh.finished
+ findprog stty
+ saveIFS= 	

+ IFS=:
+ IFS= 	

+ test -f /usr/local/bin/stty
+ test -f /usr/local/bin/stty.exe
+ IFS= 	

+ test -f /usr/bin/stty
+ test -f /usr/bin/stty.exe
+ IFS= 	

+ test -f /bin/stty
+ test -x /bin/stty
+ return 0
+ STTY=stty
+ reset_required=yes
+ test yes=yes
+ stty
+ grep [-]echo
-echo
+ reset_required=no
+ rm -f t/goal-column.sh.pipein t/goal-column.sh.pipeout
+ findprog mkfifo
+ saveIFS= 	

+ IFS=:
+ IFS= 	

+ test -f /usr/local/bin/mkfifo
+ test -f /usr/local/bin/mkfifo.exe
+ IFS= 	

+ test -f /usr/bin/mkfifo
+ test -x /usr/bin/mkfifo
+ return 0
+ mkfifo t/goal-column.sh.pipein
+ mkfifo t/goal-column.sh.pipeout
+ test ! -r t/goal-column.sh.pipein
+ test ! -r t/goal-column.sh.pipeout
+ PTY_PID=27714
+ + readexec PTS_DEVICE ./pseudotty
 t/goal-column.sh.pipeout
./pseudotty: getting pty master fd
./pseudotty: unlocking slave device
./pseudotty: getting file name of slave device...
./pseudotty: /dev/pts/5
./pseudotty: opening slave device
./pseudotty: attempting to set window size
./pseudotty: ...succeeded
./pseudotty: opening control channel
+ exec
+ LIBC_FATAL_STDERR_=1
+ export LIBC_FATAL_STDERR
+ run_ginfo -f intera -n Goal column
+ rm -f t/goal-column.sh.finished
./pseudotty: entering main loop
+ mkfifo t/goal-column.sh.finished
+ SUBSHELL=27723
+ exec
+ exec
+ exec
+ findprog pgrep
+ saveIFS= 	

+ IFS=:
+ IFS= 	

+ test -f /usr/local/bin/pgrep
+ test -f /usr/local/bin/pgrep.exe
+ IFS= 	

+ test -f /usr/bin/pgrep
+ test -x /usr/bin/pgrep
+ return 0
+ echo Fetching PID of ginfo process under test...
Fetching PID of ginfo process under test...
+ GINFO_PID=
+ exec
+ ./ginfo --init-file ./t/Infokey-config -f intera -n Goal column
info: "./t/Infokey-config", line 2: unknown action `xxx-not-recognized'
info: "./t/Infokey-config", line 3: cannot bind key sequence to menu-digit
+ pgrep -P 27723 ginfo
+ test 0 -eq 0
+ GINFO_PID=27728
+ test 0 -eq 99
+ echo 27728
+ + grep ^0$\|^1$
wc -l
+ echo 27728
+ grep -v ^[0-9]*$
+ test 1 -eq 0
+ echo 27728
+ tr -d \n
+ GINFO_PID=27728
+ test 27728 = 
+ break
+ test 27728 = 
+ echo ...27728
...27728
+ printf /^Goal column test\r\016
+ printf \005\016\016\006\006
+ printf \rDq
+ . ./t/Timeout-test.inc
+ TIMED_OUT=
+ status=0
./pseudotty: trying to read
./pseudotty: read byte 0x2F
./pseudotty: trying to read
./pseudotty: read byte 0x5E
./pseudotty: trying to read
./pseudotty: read byte 0x47
./pseudotty: trying to read
./pseudotty: read byte 0x6F
./pseudotty: trying to read
./pseudotty: read byte 0x61
./pseudotty: trying to read
./pseudotty: read byte 0x6C
./pseudotty: trying to read
./pseudotty: read byte 0x20
./pseudotty: trying to read
./pseudotty: + read byte 0x63
./pseudotty: trying to read
./pseudotty: read byte 0x6Fread
 -t./pseudotty:  0trying to read

./pseudotty: ./t/goal-column.sh: 26: read: read byte 0x6CIllegal option -t

./pseudotty: trying to read+ 
test./pseudotty:  2read byte 0x75 !=
 2
./pseudotty: trying to read+ 
exit./pseudotty:  1read byte 0x6D

./pseudotty: trying to read
./pseudotty: read byte 0x6E
./pseudotty: trying to read
./pseudotty: read byte 0x20
./pseudotty: trying to read
./pseudotty: read byte 0x74
./pseudotty: trying to read
./pseudotty: read byte 0x65
./pseudotty: trying to read
./pseudotty: read byte 0x73
./pseudotty: trying to read
./pseudotty: read byte 0x74
./pseudotty: trying to read
./pseudotty: read byte 0x0D
./pseudotty: trying to read
./pseudotty: read byte 0x0E
./pseudotty: trying to read
./pseudotty: read byte 0x05
./pseudotty: trying to read
./pseudotty: read byte 0x0E
./pseudotty: trying to read
./pseudotty: read byte 0x0E
./pseudotty: trying to read
./pseudotty: read byte 0x06
./pseudotty: trying to read
./pseudotty: read byte 0x06
./pseudotty: trying to read
./pseudotty: read byte 0x0D
./pseudotty: trying to read
./pseudotty: read byte 0x44
./pseudotty: trying to read
./pseudotty: read byte 0x71
+ test 1 != 0
+ status=2
+ test 2 != 2
+ test 2 != 2
+ RETVAL=0
+ test 2 = 1
+ test 2 != 0 -a 2 -le 128
+ rm -f t/goal-column.sh.finished
+ test 0 -eq 0
+ echo finished
+ echo read -t not supported - test skipped
read -t not supported - test skipped
+ RETVAL=77
+ cleanup
+ test 27714 -ne 0
+ kill 27714
+ test 27723 -ne 0
+ kill 27723
./t/goal-column.sh: 74: kill: No such process

+ rm -f t/goal-column.sh.out
+ rm -f t/goal-column.sh.pipein t/goal-column.sh.pipeout
+ rm -f t/goal-column.sh.finished
+ test no = yes
+ test -n 
+ exit 77
SKIP t/goal-column.sh (exit status: 77)
