+ srcdir=.
+ GINFO=./ginfo --init-file ./t/Infokey-config
+ GINFO_NAME=ginfo
+ infodir=./t/infodir
+ export infodir
+ INFOPATH=./t/infodir
+ export INFOPATH
+ t=./t
+ export t
+ basename ./t/help.sh.out
+ GINFO_OUTPUT=t/help.sh.out
+ basename ./t/help.sh.pipein
+ PIPEIN=t/help.sh.pipein
+ basename ./t/help.sh.pipeout
+ PTY_TYPE=t/help.sh.pipeout
+ rm -f t/help.sh.out
+ INFO_PRINT_COMMAND=>t/help.sh.out
+ export INFO_PRINT_COMMAND
+ PTY_PID=0
+ SUBSHELL=0
+ LC_ALL=C
+ export LC_ALL
+ TERM=dumb
+ export TERM
+ STTY=true
+ reset_required=no
+ trap cleanup 2
+ ./ginfo --init-file ./t/Infokey-config --help
+ grep strict-node-location
      --strict-node-location   (for debugging) use Info file pointers as-is.
PASS t/help.sh (exit status: 0)
