+ srcdir=.
+ GINFO=./ginfo --init-file ./t/Infokey-config
+ GINFO_NAME=ginfo
+ infodir=./t/infodir
+ export infodir
+ INFOPATH=./t/infodir
+ export INFOPATH
+ t=./t
+ export t
+ basename ./t/inc-sea-bs-after-strip-cr.sh.out
+ GINFO_OUTPUT=t/inc-sea-bs-after-strip-cr.sh.out
+ basename ./t/inc-sea-bs-after-strip-cr.sh.pipein
+ PIPEIN=t/inc-sea-bs-after-strip-cr.sh.pipein
+ basename ./t/inc-sea-bs-after-strip-cr.sh.pipeout
+ PTY_TYPE=t/inc-sea-bs-after-strip-cr.sh.pipeout
+ rm -f t/inc-sea-bs-after-strip-cr.sh.out
+ INFO_PRINT_COMMAND=>t/inc-sea-bs-after-strip-cr.sh.out
+ export INFO_PRINT_COMMAND
+ PTY_PID=0
+ SUBSHELL=0
+ LC_ALL=C
+ export LC_ALL
+ TERM=dumb
+ export TERM
+ STTY=true
+ reset_required=no
+ trap cleanup 2
+ . ./t/Init-inter.inc
+ test -x pseudotty
+ path_sep=:
+ TERM=vt100
+ export TERM
+ basename ./t/inc-sea-bs-after-strip-cr.sh.finished
+ FINISHEDFIFO=t/inc-sea-bs-after-strip-cr.sh.finished
+ findprog stty
+ saveIFS= 	

+ IFS=:
+ IFS= 	

+ test -f /usr/local/bin/stty
+ test -f /usr/local/bin/stty.exe
+ IFS= 	

+ test -f /usr/bin/stty
+ test -f /usr/bin/stty.exe
+ IFS= 	

+ test -f /bin/stty
+ test -x /bin/stty
+ return 0
+ STTY=stty
+ reset_required=yes
+ test yes=yes
+ grep [-]echo
+ stty
stty: 'standard input': Inappropriate ioctl for device
+ rm -f t/inc-sea-bs-after-strip-cr.sh.pipein t/inc-sea-bs-after-strip-cr.sh.pipeout
+ findprog mkfifo
+ saveIFS= 	

+ IFS=:
+ IFS= 	

+ test -f /usr/local/bin/mkfifo
+ test -f /usr/local/bin/mkfifo.exe
+ IFS= 	

+ test -f /usr/bin/mkfifo
+ test -x /usr/bin/mkfifo
+ return 0
+ mkfifo t/inc-sea-bs-after-strip-cr.sh.pipein
+ mkfifo t/inc-sea-bs-after-strip-cr.sh.pipeout
+ test ! -r t/inc-sea-bs-after-strip-cr.sh.pipein
+ test ! -r t/inc-sea-bs-after-strip-cr.sh.pipeout
+ PTY_PID=27392
+ + readexec PTS_DEVICE ./pseudotty
 t/inc-sea-bs-after-strip-cr.sh.pipeout
./pseudotty: getting pty master fd
./pseudotty: unlocking slave device
./pseudotty: getting file name of slave device...
./pseudotty: /dev/pts/3
./pseudotty: opening slave device
./pseudotty: attempting to set window size
./pseudotty: ...succeeded
./pseudotty: opening control channel
+ exec
+ LIBC_FATAL_STDERR_=1
+ export LIBC_FATAL_STDERR
+ run_ginfo -f inc-sea-bs-after-strip-cr
+ rm -f t/inc-sea-bs-after-strip-cr.sh.finished
./pseudotty: entering main loop
+ mkfifo t/inc-sea-bs-after-strip-cr.sh.finished
+ SUBSHELL=27406
+ exec
+ exec
+ exec
+ findprog pgrep
+ saveIFS= 	

+ IFS=:
+ IFS= 	

+ test -f /usr/local/bin/pgrep
+ test -f /usr/local/bin/pgrep.exe
+ IFS= 	

+ test -f /usr/bin/pgrep
+ test -x /usr/bin/pgrep
+ return 0
+ echo Fetching PID of ginfo process under test...
Fetching PID of ginfo process under test...
+ GINFO_PID=
+ exec
+ ./ginfo --init-file ./t/Infokey-config -f inc-sea-bs-after-strip-cr
+ pgrep -P 27406 ginfo
info: "./t/Infokey-config", line 2: unknown action `xxx-not-recognized'
info: "./t/Infokey-config", line 3: cannot bind key sequence to menu-digit
+ test 0 -eq 0
+ GINFO_PID=27409
+ test 0 -eq 99
+ echo 27409
+ grep ^0$\|^1$
+ wc -l
+ grep -v ^[0-9]*$
+ echo 27409
+ test 1 -eq 0
+ echo 27409
+ tr -d \n
+ GINFO_PID=27409
+ test 27409 = 
+ break
+ test 27409 = 
+ echo ...27409
...27409
+ printf \023xxy\010\r
+ printf q
+ . ./t/Timeout-test.inc
+ TIMED_OUT=
+ status=0
./pseudotty: trying to read
./pseudotty: read byte 0x13
./pseudotty: trying to read
./pseudotty: read byte 0x78
./pseudotty: trying to read
./pseudotty: read byte 0x78
./pseudotty: trying to read
./pseudotty: read byte 0x79
./pseudotty: trying to read
./pseudotty: read byte 0x08
./pseudotty: trying to read
./pseudotty: read byte 0x0D
./pseudotty: trying to read
./pseudotty: read byte 0x71
+ read -t 0
./t/inc-sea-bs-after-strip-cr.sh: 26: read: Illegal option -t
+ test 2 != 2
+ exit 1
+ test 0 -eq 0
+ echo finished
+ test 1 != 0
+ status=2
+ test 2 != 2
+ test 2 != 2
+ RETVAL=0
+ test 2 = 1
+ test 2 != 0 -a 2 -le 128
+ rm -f t/inc-sea-bs-after-strip-cr.sh.finished
+ echo read -t not supported - test skipped
read -t not supported - test skipped
+ RETVAL=77
+ cleanup
+ test 27392 -ne 0
+ kill 27392
+ test 27406 -ne 0
+ kill 27406
./t/inc-sea-bs-after-strip-cr.sh: 74: kill: No such process

+ rm -f t/inc-sea-bs-after-strip-cr.sh.out
+ rm -f t/inc-sea-bs-after-strip-cr.sh.pipein t/inc-sea-bs-after-strip-cr.sh.pipeout
+ rm -f t/inc-sea-bs-after-strip-cr.sh.finished
+ test yes = yes
+ grep [-]echo
+ stty
stty: 'standard input': Inappropriate ioctl for device
+ test -n 
+ exit 77
SKIP t/inc-sea-bs-after-strip-cr.sh (exit status: 77)
