+ srcdir=.
+ GINFO=./ginfo --init-file ./t/Infokey-config
+ GINFO_NAME=ginfo
+ infodir=./t/infodir
+ export infodir
+ INFOPATH=./t/infodir
+ export INFOPATH
+ t=./t
+ export t
+ basename ./t/inc-sea-history.sh.out
+ GINFO_OUTPUT=t/inc-sea-history.sh.out
+ basename ./t/inc-sea-history.sh.pipein
+ PIPEIN=t/inc-sea-history.sh.pipein
+ basename ./t/inc-sea-history.sh.pipeout
+ PTY_TYPE=t/inc-sea-history.sh.pipeout
+ rm -f t/inc-sea-history.sh.out
+ INFO_PRINT_COMMAND=>t/inc-sea-history.sh.out
+ export INFO_PRINT_COMMAND
+ PTY_PID=0
+ SUBSHELL=0
+ LC_ALL=C
+ export LC_ALL
+ TERM=dumb
+ export TERM
+ STTY=true
+ reset_required=no
+ trap cleanup 2
+ . ./t/Init-inter.inc
+ test -x pseudotty
+ path_sep=:
+ TERM=vt100
+ export TERM
+ basename ./t/inc-sea-history.sh.finished
+ FINISHEDFIFO=t/inc-sea-history.sh.finished
+ findprog stty
+ saveIFS= 	

+ IFS=:
+ IFS= 	

+ test -f /usr/local/bin/stty
+ test -f /usr/local/bin/stty.exe
+ IFS= 	

+ test -f /usr/bin/stty
+ test -f /usr/bin/stty.exe
+ IFS= 	

+ test -f /bin/stty
+ test -x /bin/stty
+ return 0
+ STTY=stty
+ reset_required=yes
+ test yes=yes
+ stty
+ grep [-]echo
stty: 'standard input': Inappropriate ioctl for device
+ rm -f t/inc-sea-history.sh.pipein t/inc-sea-history.sh.pipeout
+ findprog mkfifo
+ saveIFS= 	

+ IFS=:
+ IFS= 	

+ test -f /usr/local/bin/mkfifo
+ test -f /usr/local/bin/mkfifo.exe
+ IFS= 	

+ test -f /usr/bin/mkfifo
+ test -x /usr/bin/mkfifo
+ return 0
+ mkfifo t/inc-sea-history.sh.pipein
+ mkfifo t/inc-sea-history.sh.pipeout
+ test ! -r t/inc-sea-history.sh.pipein
+ test ! -r t/inc-sea-history.sh.pipeout
+ PTY_PID=28857
+ + read PTS_DEVICEexec
 ./pseudotty t/inc-sea-history.sh.pipeout
./pseudotty: getting pty master fd
./pseudotty: unlocking slave device
./pseudotty: getting file name of slave device...
./pseudotty: /dev/pts/6
./pseudotty: opening slave device
./pseudotty: attempting to set window size
./pseudotty: ...succeeded
./pseudotty: opening control channel
+ ./pseudotty: execentering main loop

+ LIBC_FATAL_STDERR_=1
+ export LIBC_FATAL_STDERR
+ run_ginfo -f inc-sea-history
+ rm -f t/inc-sea-history.sh.finished
+ mkfifo t/inc-sea-history.sh.finished
+ SUBSHELL=28869
+ exec
+ exec
+ exec
+ ./ginfo --init-file ./t/Infokey-config+  -fexec inc-sea-history

+ findprog pgrep
+ saveIFS= 	

+ IFS=:
+ IFS= 	

+ test -f /usr/local/bin/pgrep
+ test -f /usr/local/bin/pgrep.exe
+ IFS= 	

+ test -f /usr/bin/pgrep
+ test -x /usr/bin/pgrep
+ return 0
+ echo Fetching PID of ginfo process under test...
Fetching PID of ginfo process under test...
+ GINFO_PID=
+ pgrep -P 28869 ginfo
info: "./t/Infokey-config", line 2: unknown action `xxx-not-recognized'
info: "./t/Infokey-config", line 3: cannot bind key sequence to menu-digit
+ test 0 -eq 0
+ GINFO_PID=28870
+ test 0 -eq 99
+ echo 28870
+ wc -l
+ grep ^0$\|^1$
+ echo 28870
+ grep -v ^[0-9]*$
+ test 1 -eq 0
+ echo 28870
+ tr -d \n
+ GINFO_PID=28870
+ test 28870 = 
+ break
+ test 28870 = 
+ echo ...28870
...28870
+ printf \02301234\b4\b\b34\b\bqwerty\b\b\b\b\b\b34
./pseudotty: + trying to readprintf
 \rD./pseudotty: 
read byte 0x13
+ sleep 1./pseudotty: 
trying to read
./pseudotty: read byte 0x30
./pseudotty: trying to read
./pseudotty: read byte 0x31
./pseudotty: trying to read
./pseudotty: read byte 0x32
./pseudotty: trying to read
./pseudotty: read byte 0x33
./pseudotty: trying to read
./pseudotty: read byte 0x34
./pseudotty: trying to read
./pseudotty: read byte 0x08
./pseudotty: trying to read
./pseudotty: read byte 0x34
./pseudotty: trying to read
./pseudotty: read byte 0x08
./pseudotty: trying to read
./pseudotty: read byte 0x08
./pseudotty: trying to read
./pseudotty: read byte 0x33
./pseudotty: trying to read
./pseudotty: read byte 0x34
./pseudotty: trying to read
./pseudotty: read byte 0x08
./pseudotty: trying to read
./pseudotty: read byte 0x08
./pseudotty: trying to read
./pseudotty: read byte 0x71
./pseudotty: trying to read
./pseudotty: read byte 0x77
./pseudotty: trying to read
./pseudotty: read byte 0x65
./pseudotty: trying to read
./pseudotty: read byte 0x72
./pseudotty: trying to read
./pseudotty: read byte 0x74
./pseudotty: trying to read
./pseudotty: read byte 0x79
./pseudotty: trying to read
./pseudotty: read byte 0x08
./pseudotty: trying to read
./pseudotty: read byte 0x08
./pseudotty: trying to read
./pseudotty: read byte 0x08
./pseudotty: trying to read
./pseudotty: read byte 0x08
./pseudotty: trying to read
./pseudotty: read byte 0x08
./pseudotty: trying to read
./pseudotty: read byte 0x08
./pseudotty: trying to read
./pseudotty: read byte 0x33
./pseudotty: trying to read
./pseudotty: read byte 0x34
./pseudotty: trying to read
./pseudotty: read byte 0x0D
./pseudotty: trying to read
./pseudotty: read byte 0x44
+ grep Node: Four t/inc-sea-history.sh.out
Node: Four
+ RETVAL=0
+ printf lDq
+ . ./t/Timeout-test.inc
./pseudotty: + trying to readTIMED_OUT=

./pseudotty: + read byte 0x6Cstatus=0

./pseudotty: trying to read
./pseudotty: read byte 0x44
./pseudotty: trying to read
./pseudotty: read byte 0x71
+ read -t 0
./t/inc-sea-history.sh: 26: read: Illegal option -t
+ test 2 != 2
+ exit 1
+ test 1 != 0
+ status=2
+ test 2 != 2
+ test 2 != 2
+ RETVAL=0
+ + testtest 2 0 = -eq 1 0

+ test 2 != 0 -a 2 -le 128+ 
echo finished
+ rm -f t/inc-sea-history.sh.finished
+ echo read -t not supported - test skipped
read -t not supported - test skipped
+ RETVAL=77
+ cleanup
+ test 28857 -ne 0
+ kill 28857
+ test 28869 -ne 0
+ kill 28869
./t/inc-sea-history.sh: 74: kill: No such process

+ rm -f t/inc-sea-history.sh.out
+ rm -f t/inc-sea-history.sh.pipein t/inc-sea-history.sh.pipeout
+ rm -f t/inc-sea-history.sh.finished
+ test yes = yes
+ stty+ 
grep [-]echo
stty: 'standard input': Inappropriate ioctl for device
+ test -n 
+ exit 77
SKIP t/inc-sea-history.sh (exit status: 77)
