+ srcdir=.
+ GINFO=./ginfo --init-file ./t/Infokey-config
+ GINFO_NAME=ginfo
+ infodir=./t/infodir
+ export infodir
+ INFOPATH=./t/infodir
+ export INFOPATH
+ t=./t
+ export t
+ basename ./t/index.sh.out
+ GINFO_OUTPUT=t/index.sh.out
+ basename ./t/index.sh.pipein
+ PIPEIN=t/index.sh.pipein
+ basename ./t/index.sh.pipeout
+ PTY_TYPE=t/index.sh.pipeout
+ rm -f t/index.sh.out
+ INFO_PRINT_COMMAND=>t/index.sh.out
+ export INFO_PRINT_COMMAND
+ PTY_PID=0
+ SUBSHELL=0
+ LC_ALL=C
+ export LC_ALL
+ TERM=dumb
+ export TERM
+ STTY=true
+ reset_required=no
+ trap cleanup 2
+ . ./t/Init-inter.inc
+ test -x pseudotty
+ path_sep=:
+ TERM=vt100
+ export TERM
+ basename ./t/index.sh.finished
+ FINISHEDFIFO=t/index.sh.finished
+ findprog stty
+ saveIFS= 	

+ IFS=:
+ IFS= 	

+ test -f /usr/local/bin/stty
+ test -f /usr/local/bin/stty.exe
+ IFS= 	

+ test -f /usr/bin/stty
+ test -f /usr/bin/stty.exe
+ IFS= 	

+ test -f /bin/stty
+ test -x /bin/stty
+ return 0
+ STTY=stty
+ reset_required=yes
+ test yes=yes
+ stty
+ grep [-]echo
-echo
+ reset_required=no
+ rm -f t/index.sh.pipein t/index.sh.pipeout
+ findprog mkfifo
+ saveIFS= 	

+ IFS=:
+ IFS= 	

+ test -f /usr/local/bin/mkfifo
+ test -f /usr/local/bin/mkfifo.exe
+ IFS= 	

+ test -f /usr/bin/mkfifo
+ test -x /usr/bin/mkfifo
+ return 0
+ mkfifo t/index.sh.pipein
+ mkfifo t/index.sh.pipeout
+ test ! -r t/index.sh.pipein
+ test ! -r t/index.sh.pipeout
+ PTY_PID=28170
+ + read PTS_DEVICEexec
 ./pseudotty t/index.sh.pipeout
./pseudotty: getting pty master fd
./pseudotty: unlocking slave device
./pseudotty: getting file name of slave device...
./pseudotty: /dev/pts/2
./pseudotty: opening slave device
./pseudotty: attempting to set window size
./pseudotty: ...succeeded
./pseudotty: opening control channel
+ exec
+ LIBC_FATAL_STDERR_=1
+ export LIBC_FATAL_STDERR
+ run_ginfo -f intera
+ rm -f t/index.sh.finished
./pseudotty: entering main loop
+ mkfifo t/index.sh.finished
+ SUBSHELL=28184
+ exec
+ exec+ 
exec
+ + ./ginfoexec --init-file
 ./t/Infokey-config+  -ffindprog intera pgrep

+ saveIFS= 	

+ IFS=:
+ IFS= 	

+ test -f /usr/local/bin/pgrep
+ test -f /usr/local/bin/pgrep.exe
+ IFS= 	

+ test -f /usr/bin/pgrep
+ test -x /usr/bin/pgrep
+ return 0
+ echo Fetching PID of ginfo process under test...
Fetching PID of ginfo process under test...
+ GINFO_PID=
+ pgrep -P 28184 ginfo
info: "./t/Infokey-config", line 2: unknown action `xxx-not-recognized'
info: "./t/Infokey-config", line 3: cannot bind key sequence to menu-digit
+ test 0 -eq 0
+ GINFO_PID=28185
+ test 0 -eq 99
+ grep ^0$\|^1$
+ wc -l
+ echo 28185
+ echo 28185
+ grep -v ^[0-9]*$
+ test 1 -eq 0
+ echo 28185+ 
tr -d \n
+ GINFO_PID=28185
+ test 28185 = 
+ break
+ test 28185 = 
+ echo ...28185
...28185
+ printf iabc\rDq
+ ../pseudotty:  ./t/Timeout-test.inctrying to read

./pseudotty: read byte 0x69
+ TIMED_OUT=
./pseudotty: trying to read
+ ./pseudotty: status=0read byte 0x61

./pseudotty: trying to read
./pseudotty: read byte 0x62
./pseudotty: trying to read
./pseudotty: read byte 0x63
./pseudotty: trying to read
./pseudotty: read byte 0x0D
./pseudotty: trying to read
./pseudotty: read byte 0x44
./pseudotty: trying to read
./pseudotty: read byte 0x71
+ read -t 0
./t/index.sh: 26: read: Illegal option -t
+ test 2 != 2
+ exit 1
+ test 1 != 0
+ status=2
+ test 2 != 2
+ test 2 != 2
+ RETVAL=0
+ test 2 = 1
+ test 2 != 0 -a 2 -le 128
+ rm -f t/index.sh.finished
+ test 0 -eq 0
+ echo finished
+ echo read -t not supported - test skipped
read -t not supported - test skipped
+ RETVAL=77
+ cleanup
+ test 28170 -ne 0
+ kill 28170
+ test 28184 -ne 0
+ kill 28184
./t/index.sh: 74: kill: No such process

+ rm -f t/index.sh.out
+ rm -f t/index.sh.pipein t/index.sh.pipeout
+ rm -f t/index.sh.finished
+ test no = yes
+ test -n 
+ exit 77
SKIP t/index.sh (exit status: 77)
