+ srcdir=.
+ GINFO=./ginfo --init-file ./t/Infokey-config
+ GINFO_NAME=ginfo
+ infodir=./t/infodir
+ export infodir
+ INFOPATH=./t/infodir
+ export INFOPATH
+ t=./t
+ export t
+ basename ./t/index-apropos.sh.out
+ GINFO_OUTPUT=t/index-apropos.sh.out
+ basename ./t/index-apropos.sh.pipein
+ PIPEIN=t/index-apropos.sh.pipein
+ basename ./t/index-apropos.sh.pipeout
+ PTY_TYPE=t/index-apropos.sh.pipeout
+ rm -f t/index-apropos.sh.out
+ INFO_PRINT_COMMAND=>t/index-apropos.sh.out
+ export INFO_PRINT_COMMAND
+ PTY_PID=0
+ SUBSHELL=0
+ LC_ALL=C
+ export LC_ALL
+ TERM=dumb
+ export TERM
+ STTY=true
+ reset_required=no
+ trap cleanup 2
+ . ./t/Init-inter.inc
+ test -x pseudotty
+ path_sep=:
+ TERM=vt100
+ export TERM
+ basename ./t/index-apropos.sh.finished
+ FINISHEDFIFO=t/index-apropos.sh.finished
+ findprog stty
+ saveIFS= 	

+ IFS=:
+ IFS= 	

+ test -f /usr/local/bin/stty
+ test -f /usr/local/bin/stty.exe
+ IFS= 	

+ test -f /usr/bin/stty
+ test -f /usr/bin/stty.exe
+ IFS= 	

+ test -f /bin/stty
+ test -x /bin/stty
+ return 0
+ STTY=stty
+ reset_required=yes
+ test yes=yes
+ stty
stty: 'standard input': Inappropriate ioctl for device
+ grep [-]echo
+ rm -f t/index-apropos.sh.pipein t/index-apropos.sh.pipeout
+ findprog mkfifo
+ saveIFS= 	

+ IFS=:
+ IFS= 	

+ test -f /usr/local/bin/mkfifo
+ test -f /usr/local/bin/mkfifo.exe
+ IFS= 	

+ test -f /usr/bin/mkfifo
+ test -x /usr/bin/mkfifo
+ return 0
+ mkfifo t/index-apropos.sh.pipein
+ mkfifo t/index-apropos.sh.pipeout
+ test ! -r t/index-apropos.sh.pipein
+ test ! -r t/index-apropos.sh.pipeout
+ PTY_PID=28254
+ read PTS_DEVICE
+ exec ./pseudotty t/index-apropos.sh.pipeout
./pseudotty: getting pty master fd
./pseudotty: unlocking slave device
./pseudotty: getting file name of slave device...
./pseudotty: /dev/pts/2
./pseudotty: opening slave device
./pseudotty: attempting to set window size
./pseudotty: ...succeeded
./pseudotty: opening control channel
+ ./pseudotty: execentering main loop

+ LIBC_FATAL_STDERR_=1
+ export LIBC_FATAL_STDERR
+ run_ginfo
+ rm -f t/index-apropos.sh.finished
+ mkfifo t/index-apropos.sh.finished
+ SUBSHELL=28270
+ exec
+ exec
+ ./ginfo --init-file ./t/Infokey-config
+ exec
+ exec
+ findprog pgrep
+ saveIFS= 	

+ IFS=:
+ IFS= 	

+ test -f /usr/local/bin/pgrep
+ test -f /usr/local/bin/pgrep.exe
+ IFS= 	

+ test -f /usr/bin/pgrep
+ test -x /usr/bin/pgrep
+ return 0
+ echo Fetching PID of ginfo process under test...
Fetching PID of ginfo process under test...
+ GINFO_PID=
+ pgrep -P 28270 ginfo
info: "./t/Infokey-config", line 2: unknown action `xxx-not-recognized'
info: "./t/Infokey-config", line 3: cannot bind key sequence to menu-digit
+ test 0 -eq 0
+ GINFO_PID=28273
+ test 0 -eq 99
+ echo 28273
+ wc -l
+ grep ^0$\|^1$
+ echo 28273
+ grep -v ^[0-9]*$
+ test 1 -eq 0
+ echo 28273
+ tr -d \n
+ GINFO_PID=28273
+ test 28273 = 
+ break
+ test 28273 = 
+ echo ...28273
...28273
+ printf \033xindex-apropos\rlink\r\t\ri\txxxx\rqq
+ . ./t/Timeout-test.inc
+ TIMED_OUT=
+ status=0
./pseudotty: trying to read
./pseudotty: read byte 0x1B
./pseudotty: trying to read
./pseudotty: read byte 0x78
./pseudotty: trying to read
./pseudotty: read byte 0x69
./pseudotty: trying to read
./pseudotty: read byte 0x6E
./pseudotty: trying to read
./pseudotty: read byte 0x64
./pseudotty: trying to read
./pseudotty: read byte 0x65
./pseudotty: trying to read
./pseudotty: read byte 0x78
./pseudotty: trying to read
./pseudotty: read byte 0x2D
./pseudotty: trying to read
./pseudotty: read byte 0x61
./pseudotty: trying to read
./pseudotty: read byte 0x70
./pseudotty: trying to read
./pseudotty: read byte 0x72
./pseudotty: trying to read
./pseudotty: read byte 0x6F
./pseudotty: trying to read
./pseudotty: read byte 0x70
./pseudotty: trying to read
./pseudotty: read byte 0x6F
./pseudotty: trying to read
./pseudotty: read byte 0x73
./pseudotty: trying to read
./pseudotty: read byte 0x0D
./pseudotty: trying to read
./pseudotty: read byte 0x6C
./pseudotty: trying to read
./pseudotty: read byte 0x69
./pseudotty: trying to read
./pseudotty: + read byte 0x6E
./pseudotty: trying to read
./pseudotty: read byte 0x6Bread
 -t 0./pseudotty: 
trying to read
./t/index-apropos.sh: 26: read: ./pseudotty: Illegal option -tread byte 0x0D

+ ./pseudotty: testtrying to read 2
 !=./pseudotty:  2read byte 0x09

+ ./pseudotty: exittrying to read 1

./pseudotty: read byte 0x0D
./pseudotty: trying to read
./pseudotty: read byte 0x69
./pseudotty: trying to read
./pseudotty: read byte 0x09
./pseudotty: trying to read
./pseudotty: read byte 0x78
./pseudotty: trying to read
./pseudotty: read byte 0x78
./pseudotty: trying to read
./pseudotty: read byte 0x78
+ ./pseudotty: trying to readtest
 1./pseudotty:  !=read byte 0x78 0

./pseudotty: trying to read+ 
status=2./pseudotty: 
read byte 0x0D
./pseudotty: trying to read+ 
./pseudotty: testread byte 0x71 2
 !=./pseudotty:  2trying to read

./pseudotty: read byte 0x71
+ test 2 != 2
+ RETVAL=0
+ test 2 = 1
+ test 2 != 0 -a 2 -le 128
+ rm -f t/index-apropos.sh.finished
+ echo read -t not supported - test skipped
read -t not supported - test skipped
+ RETVAL=77
+ cleanup
+ test 28254 -ne 0
+ kill 28254
+ test 28270 -ne 0
+ kill 28270
+ rm -f t/index-apropos.sh.out
+ rm -f t/index-apropos.sh.pipein t/index-apropos.sh.pipeout
+ rm -f t/index-apropos.sh.finished
+ test yes = yes
+ stty
+ grep [-]echo
stty: 'standard input': Inappropriate ioctl for device
+ test -n 
+ exit 77
SKIP t/index-apropos.sh (exit status: 77)
