+ srcdir=.
+ GINFO=./ginfo --init-file ./t/Infokey-config
+ GINFO_NAME=ginfo
+ infodir=./t/infodir
+ export infodir
+ INFOPATH=./t/infodir
+ export INFOPATH
+ t=./t
+ export t
+ basename ./t/index-search.sh.out
+ GINFO_OUTPUT=t/index-search.sh.out
+ basename ./t/index-search.sh.pipein
+ PIPEIN=t/index-search.sh.pipein
+ basename ./t/index-search.sh.pipeout
+ PTY_TYPE=t/index-search.sh.pipeout
+ rm -f t/index-search.sh.out
+ INFO_PRINT_COMMAND=>t/index-search.sh.out
+ export INFO_PRINT_COMMAND
+ PTY_PID=0
+ SUBSHELL=0
+ LC_ALL=C
+ export LC_ALL
+ TERM=dumb
+ export TERM
+ STTY=true
+ reset_required=no
+ trap cleanup 2
+ . ./t/Init-inter.inc
+ test -x pseudotty
+ path_sep=:
+ TERM=vt100
+ export TERM
+ basename ./t/index-search.sh.finished
+ FINISHEDFIFO=t/index-search.sh.finished
+ findprog stty
+ saveIFS= 	

+ IFS=:
+ IFS= 	

+ test -f /usr/local/bin/stty
+ test -f /usr/local/bin/stty.exe
+ IFS= 	

+ test -f /usr/bin/stty
+ test -f /usr/bin/stty.exe
+ IFS= 	

+ test -f /bin/stty
+ test -x /bin/stty
+ return 0
+ STTY=stty
+ reset_required=yes
+ test yes=yes
+ stty
+ grep [-]echo
-echo
+ reset_required=no
+ rm -f t/index-search.sh.pipein t/index-search.sh.pipeout
+ findprog mkfifo
+ saveIFS= 	

+ IFS=:
+ IFS= 	

+ test -f /usr/local/bin/mkfifo
+ test -f /usr/local/bin/mkfifo.exe
+ IFS= 	

+ test -f /usr/bin/mkfifo
+ test -x /usr/bin/mkfifo
+ return 0
+ mkfifo t/index-search.sh.pipein
+ mkfifo t/index-search.sh.pipeout
+ test ! -r t/index-search.sh.pipein
+ test ! -r t/index-search.sh.pipeout
+ PTY_PID=28344
+ exec+  ./pseudotty t/index-search.sh.pipeout
read PTS_DEVICE
./pseudotty: getting pty master fd
./pseudotty: unlocking slave device
./pseudotty: getting file name of slave device...
./pseudotty: /dev/pts/2
./pseudotty: opening slave device
./pseudotty: attempting to set window size
./pseudotty: ...succeeded
./pseudotty: opening control channel
+ exec
+ LIBC_FATAL_STDERR_=1
+ export LIBC_FATAL_STDERR
+ run_ginfo -f intera
+ rm -f t/index-search.sh.finished
./pseudotty: entering main loop
+ mkfifo t/index-search.sh.finished
+ SUBSHELL=28355
+ exec
+ exec
+ exec
+ findprog pgrep
+ saveIFS= 	

+ IFS=:
+ IFS= 	

+ test -f /usr/local/bin/pgrep
+ test -f /usr/local/bin/pgrep.exe
+ IFS= 	

+ test -f /usr/bin/pgrep
+ test -x /usr/bin/pgrep
+ return 0
+ echo Fetching PID of ginfo process under test...
Fetching PID of ginfo process under test...
+ GINFO_PID=
+ exec
+ ./ginfo --init-file ./t/Infokey-config -f intera
info: "./t/Infokey-config", line 2: unknown action `xxx-not-recognized'
info: "./t/Infokey-config", line 3: cannot bind key sequence to menu-digit
+ pgrep -P 28355 ginfo
+ test 0 -eq 0
+ GINFO_PID=28361
+ test 0 -eq 99
+ echo 28361
+ wc -l
+ grep ^0$\|^1$
+ echo 28361
+ grep -v ^[0-9]*$
+ test 1 -eq 0
+ tr -d \n
+ echo 28361
+ GINFO_PID=28361
+ test 28361 = 
+ break
+ test 28361 = 
+ echo ...28361
...28361
+ printf Ibc\r\016\016\016\016\016\016\016\016\016\rDq
+ . ./t/Timeout-test.inc
+ TIMED_OUT=
+ status=0
./pseudotty: trying to read
./pseudotty: read byte 0x49
./pseudotty: trying to read
./pseudotty: read byte 0x62
./pseudotty: trying to read
./pseudotty: read byte 0x63
./pseudotty: trying to read
./pseudotty: read byte 0x0D
./pseudotty: trying to read
./pseudotty: read byte 0x0E
./pseudotty: trying to read
./pseudotty: read byte 0x0E
./pseudotty: trying to read
./pseudotty: read byte 0x0E
./pseudotty: trying to read
./pseudotty: read byte 0x0E
./pseudotty: trying to read
./pseudotty: read byte 0x0E
./pseudotty: trying to read
./pseudotty: read byte 0x0E
./pseudotty: trying to read
./pseudotty: read byte 0x0E
./pseudotty: trying to read
./pseudotty: read byte 0x0E
./pseudotty: trying to read
./pseudotty: read byte 0x0E
./pseudotty: trying to read
./pseudotty: read byte 0x0D
./pseudotty: trying to read
./pseudotty: read byte 0x44
./pseudotty: trying to read
./pseudotty: read byte 0x71
+ + test 0 -eq 0
+ echo finished
read -t 0
./t/index-search.sh: 26: read: Illegal option -t
+ test 2 != 2
+ exit 1
+ test 1 != 0
+ status=2
+ test 2 != 2
+ test 2 != 2
+ RETVAL=0
+ test 2 = 1
+ test 2 != 0 -a 2 -le 128
+ rm -f t/index-search.sh.finished
+ echo read -t not supported - test skipped
read -t not supported - test skipped
+ RETVAL=77
+ cleanup
+ test 28344 -ne 0
+ kill 28344
+ test 28355 -ne 0
+ kill 28355
./t/index-search.sh: 74: kill: No such process

+ rm -f t/index-search.sh.out
+ rm -f t/index-search.sh.pipein t/index-search.sh.pipeout
+ rm -f t/index-search.sh.finished
+ test no = yes
+ test -n 
+ exit 77
SKIP t/index-search.sh (exit status: 77)
