+ srcdir=.
+ GINFO=./ginfo --init-file ./t/Infokey-config
+ GINFO_NAME=ginfo
+ infodir=./t/infodir
+ export infodir
+ INFOPATH=./t/infodir
+ export INFOPATH
+ t=./t
+ export t
+ basename ./t/last-node-not-top-level.sh.out
+ GINFO_OUTPUT=t/last-node-not-top-level.sh.out
+ basename ./t/last-node-not-top-level.sh.pipein
+ PIPEIN=t/last-node-not-top-level.sh.pipein
+ basename ./t/last-node-not-top-level.sh.pipeout
+ PTY_TYPE=t/last-node-not-top-level.sh.pipeout
+ rm -f t/last-node-not-top-level.sh.out
+ INFO_PRINT_COMMAND=>t/last-node-not-top-level.sh.out
+ export INFO_PRINT_COMMAND
+ PTY_PID=0
+ SUBSHELL=0
+ LC_ALL=C
+ export LC_ALL
+ TERM=dumb
+ export TERM
+ STTY=true
+ reset_required=no
+ trap cleanup 2
+ . ./t/Init-inter.inc
+ test -x pseudotty
+ path_sep=:
+ TERM=vt100
+ export TERM
+ basename ./t/last-node-not-top-level.sh.finished
+ FINISHEDFIFO=t/last-node-not-top-level.sh.finished
+ findprog stty
+ saveIFS= 	

+ IFS=:
+ IFS= 	

+ test -f /usr/local/bin/stty
+ test -f /usr/local/bin/stty.exe
+ IFS= 	

+ test -f /usr/bin/stty
+ test -f /usr/bin/stty.exe
+ IFS= 	

+ test -f /bin/stty
+ test -x /bin/stty
+ return 0
+ STTY=stty
+ reset_required=yes
+ test yes=yes
+ stty
stty: 'standard input': Inappropriate ioctl for device
+ grep [-]echo
+ rm -f t/last-node-not-top-level.sh.pipein t/last-node-not-top-level.sh.pipeout
+ findprog mkfifo
+ saveIFS= 	

+ IFS=:
+ IFS= 	

+ test -f /usr/local/bin/mkfifo
+ test -f /usr/local/bin/mkfifo.exe
+ IFS= 	

+ test -f /usr/bin/mkfifo
+ test -x /usr/bin/mkfifo
+ return 0
+ mkfifo t/last-node-not-top-level.sh.pipein
+ mkfifo t/last-node-not-top-level.sh.pipeout
+ test ! -r t/last-node-not-top-level.sh.pipein
+ test ! -r t/last-node-not-top-level.sh.pipeout
+ PTY_PID=27934
+ read PTS_DEVICE
+ exec ./pseudotty t/last-node-not-top-level.sh.pipeout
./pseudotty: getting pty master fd
./pseudotty: unlocking slave device
./pseudotty: getting file name of slave device...
./pseudotty: /dev/pts/2
./pseudotty: opening slave device
./pseudotty: attempting to set window size
./pseudotty: ...succeeded
./pseudotty: opening control channel
+ exec
+ LIBC_FATAL_STDERR_=1
+ export LIBC_FATAL_STDERR
+ run_ginfo -f last-node-not-top-level -v scroll-last-node=Top
+ rm -f t/last-node-not-top-level.sh.finished
./pseudotty: entering main loop
+ mkfifo t/last-node-not-top-level.sh.finished
+ SUBSHELL=27947
+ exec
+ exec+ 
exec
+ + exec./ginfo
 --init-file+  ./t/Infokey-configfindprog -f pgrep last-node-not-top-level
 -v scroll-last-node=Top
+ saveIFS= 	

+ IFS=:
+ IFS= 	

+ test -f /usr/local/bin/pgrep
+ test -f /usr/local/bin/pgrep.exe
+ IFS= 	

+ test -f /usr/bin/pgrep
+ test -x /usr/bin/pgrep
+ return 0
+ echo Fetching PID of ginfo process under test...
Fetching PID of ginfo process under test...
+ GINFO_PID=
+ pgrep -P 27947 ginfo
info: "./t/Infokey-config", line 2: unknown action `xxx-not-recognized'
info: "./t/Infokey-config", line 3: cannot bind key sequence to menu-digit
+ test 0 -eq 0
+ GINFO_PID=27949
+ test 0 -eq 99
+ wc -l
+ echo 27949
+ grep ^0$\|^1$
+ echo 27949
+ grep -v ^[0-9]*$
+ test 1 -eq 0
+ echo 27949
+ tr -d \n
+ GINFO_PID=27949
+ test 27949 = 
+ break
+ test 27949 = 
+ echo ...27949
...27949
+ printf ]]]Dq
+ . ./t/Timeout-test.inc
+ TIMED_OUT=
+ status=0
./pseudotty: trying to read
./pseudotty: read byte 0x5D
+ ./pseudotty: trying to read
./pseudotty: read byte 0x5Dread
 -t./pseudotty:  0trying to read

./pseudotty: ./t/last-node-not-top-level.sh: 26: read: read byte 0x5DIllegal option -t

./pseudotty: trying to read+ 
test./pseudotty:  2read byte 0x44 !=
 2./pseudotty: 
trying to read
+ ./pseudotty: exitread byte 0x71 1

+ test 0 -eq 0
+ echo finished
+ test 1 != 0
+ status=2
+ test 2 != 2
+ test 2 != 2
+ RETVAL=0
+ test 2 = 1
+ test 2 != 0 -a 2 -le 128
+ rm -f t/last-node-not-top-level.sh.finished
+ echo read -t not supported - test skipped
read -t not supported - test skipped
+ RETVAL=77
+ cleanup
+ test 27934 -ne 0
+ kill 27934
+ test 27947 -ne 0
+ kill 27947
./t/last-node-not-top-level.sh: 74: kill: No such process

+ rm -f t/last-node-not-top-level.sh.out
+ rm -f t/last-node-not-top-level.sh.pipein t/last-node-not-top-level.sh.pipeout
+ rm -f t/last-node-not-top-level.sh.finished
+ test yes = yes
+ stty
+ grep [-]echo
stty: 'standard input': Inappropriate ioctl for device
+ test -n 
+ exit 77
SKIP t/last-node-not-top-level.sh (exit status: 77)
