+ srcdir=.
+ GINFO=./ginfo --init-file ./t/Infokey-config
+ GINFO_NAME=ginfo
+ infodir=./t/infodir
+ export infodir
+ INFOPATH=./t/infodir
+ export INFOPATH
+ t=./t
+ export t
+ basename ./t/last-no-history.sh.out
+ GINFO_OUTPUT=t/last-no-history.sh.out
+ basename ./t/last-no-history.sh.pipein
+ PIPEIN=t/last-no-history.sh.pipein
+ basename ./t/last-no-history.sh.pipeout
+ PTY_TYPE=t/last-no-history.sh.pipeout
+ rm -f t/last-no-history.sh.out
+ INFO_PRINT_COMMAND=>t/last-no-history.sh.out
+ export INFO_PRINT_COMMAND
+ PTY_PID=0
+ SUBSHELL=0
+ LC_ALL=C
+ export LC_ALL
+ TERM=dumb
+ export TERM
+ STTY=true
+ reset_required=no
+ trap cleanup 2
+ . ./t/Init-inter.inc
+ test -x pseudotty
+ path_sep=:
+ TERM=vt100
+ export TERM
+ basename ./t/last-no-history.sh.finished
+ FINISHEDFIFO=t/last-no-history.sh.finished
+ findprog stty
+ saveIFS= 	

+ IFS=:
+ IFS= 	

+ test -f /usr/local/bin/stty
+ test -f /usr/local/bin/stty.exe
+ IFS= 	

+ test -f /usr/bin/stty
+ test -f /usr/bin/stty.exe
+ IFS= 	

+ test -f /bin/stty
+ test -x /bin/stty
+ return 0
+ STTY=stty
+ reset_required=yes
+ test yes=yes
+ stty
stty: 'standard input': Inappropriate ioctl for device
+ grep [-]echo
+ rm -f t/last-no-history.sh.pipein t/last-no-history.sh.pipeout
+ findprog mkfifo
+ saveIFS= 	

+ IFS=:
+ IFS= 	

+ test -f /usr/local/bin/mkfifo
+ test -f /usr/local/bin/mkfifo.exe
+ IFS= 	

+ test -f /usr/bin/mkfifo
+ test -x /usr/bin/mkfifo
+ return 0
+ mkfifo t/last-no-history.sh.pipein
+ mkfifo t/last-no-history.sh.pipeout
+ test ! -r t/last-no-history.sh.pipein
+ test ! -r t/last-no-history.sh.pipeout
+ PTY_PID=27840
+ + readexec PTS_DEVICE ./pseudotty
 t/last-no-history.sh.pipeout
./pseudotty: getting pty master fd
./pseudotty: unlocking slave device
./pseudotty: getting file name of slave device...
./pseudotty: /dev/pts/2
./pseudotty: opening slave device
./pseudotty: attempting to set window size
./pseudotty: ...succeeded
./pseudotty: opening control channel
+ exec
+ LIBC_FATAL_STDERR_=1
+ export LIBC_FATAL_STDERR
+ run_ginfo -f intera
+ rm -f t/last-no-history.sh.finished
./pseudotty: entering main loop
+ mkfifo t/last-no-history.sh.finished
+ SUBSHELL=27856
+ exec
+ exec+ 
exec
+ exec+ 
./ginfo+  --init-filefindprog ./t/Infokey-config pgrep -f
 intera
+ saveIFS= 	

+ IFS=:
+ IFS= 	

+ test -f /usr/local/bin/pgrep
+ test -f /usr/local/bin/pgrep.exe
+ IFS= 	

+ test -f /usr/bin/pgrep
+ test -x /usr/bin/pgrep
+ return 0
+ echo Fetching PID of ginfo process under test...
Fetching PID of ginfo process under test...
+ GINFO_PID=
info: "./t/Infokey-config", line 2: unknown action `xxx-not-recognized'
info: "./t/Infokey-config", line 3: cannot bind key sequence to menu-digit
+ pgrep -P 27856 ginfo
+ test 0 -eq 0
+ GINFO_PID=27857
+ test 0 -eq 99
+ echo 27857
+ wc -l
+ grep ^0$\|^1$
+ echo 27857
+ grep -v ^[0-9]*$
+ test 1 -eq 0
+ echo 27857
+ tr -d \n
+ GINFO_PID=27857
+ test 27857 = 
+ break
+ test 27857 = 
+ echo ...27857
...27857
+ printf lq
+ . ./t/Timeout-test.inc
./pseudotty: trying to read
+ ./pseudotty: TIMED_OUT=
read byte 0x6C
+ status=0
./pseudotty: trying to read
./pseudotty: read byte 0x71
+ read -t 0
./t/last-no-history.sh: 26: read: Illegal option -t
+ test 2 != 2
+ exit 1
+ test+  0test -eq 1 0 !=
 0
+ status=2
+ + testecho 2 finished !=
 2
+ test 2 != 2
+ RETVAL=0
+ test 2 = 1
+ test 2 != 0 -a 2 -le 128
+ rm -f t/last-no-history.sh.finished
+ echo read -t not supported - test skipped
read -t not supported - test skipped
+ RETVAL=77
+ cleanup
+ test 27840 -ne 0
+ kill 27840
+ test 27856 -ne 0
+ kill 27856
./t/last-no-history.sh: 74: kill: No such process

+ rm -f t/last-no-history.sh.out
+ rm -f t/last-no-history.sh.pipein t/last-no-history.sh.pipeout
+ rm -f t/last-no-history.sh.finished
+ test yes = yes
+ grep [-]echo
+ stty
stty: 'standard input': Inappropriate ioctl for device
+ test -n 
+ exit 77
SKIP t/last-no-history.sh (exit status: 77)
