+ srcdir=.
+ GINFO=./ginfo --init-file ./t/Infokey-config
+ GINFO_NAME=ginfo
+ infodir=./t/infodir
+ export infodir
+ INFOPATH=./t/infodir
+ export INFOPATH
+ t=./t
+ export t
+ basename ./t/no-file.sh.out
+ GINFO_OUTPUT=t/no-file.sh.out
+ basename ./t/no-file.sh.pipein
+ PIPEIN=t/no-file.sh.pipein
+ basename ./t/no-file.sh.pipeout
+ PTY_TYPE=t/no-file.sh.pipeout
+ rm -f t/no-file.sh.out
+ INFO_PRINT_COMMAND=>t/no-file.sh.out
+ export INFO_PRINT_COMMAND
+ PTY_PID=0
+ SUBSHELL=0
+ LC_ALL=C
+ export LC_ALL
+ TERM=dumb
+ export TERM
+ STTY=true
+ reset_required=no
+ trap cleanup 2
+ grep No such file or directory
+ ./ginfo --init-file ./t/Infokey-config --output - --file not-a-file
info: not-a-file: No such file or directory
PASS t/no-file.sh (exit status: 0)
