+ srcdir=.
+ GINFO=./ginfo --init-file ./t/Infokey-config
+ GINFO_NAME=ginfo
+ infodir=./t/infodir
+ export infodir
+ INFOPATH=./t/infodir
+ export INFOPATH
+ t=./t
+ export t
+ basename ./t/node-no-file.sh.out
+ GINFO_OUTPUT=t/node-no-file.sh.out
+ basename ./t/node-no-file.sh.pipein
+ PIPEIN=t/node-no-file.sh.pipein
+ basename ./t/node-no-file.sh.pipeout
+ PTY_TYPE=t/node-no-file.sh.pipeout
+ rm -f t/node-no-file.sh.out
+ INFO_PRINT_COMMAND=>t/node-no-file.sh.out
+ export INFO_PRINT_COMMAND
+ PTY_PID=0
+ SUBSHELL=0
+ LC_ALL=C
+ export LC_ALL
+ TERM=dumb
+ export TERM
+ STTY=true
+ reset_required=no
+ trap cleanup 2
+ grep Cannot find node
+ ./ginfo --init-file ./t/Infokey-config --output - --node nodename
info: Cannot find node 'nodename'.
PASS t/node-no-file.sh (exit status: 0)
