+ srcdir=.
+ GINFO=./ginfo --init-file ./t/Infokey-config
+ GINFO_NAME=ginfo
+ infodir=./t/infodir
+ export infodir
+ INFOPATH=./t/infodir
+ export INFOPATH
+ t=./t
+ export t
+ basename ./t/quoted-label-and-target.sh.out
+ GINFO_OUTPUT=t/quoted-label-and-target.sh.out
+ basename ./t/quoted-label-and-target.sh.pipein
+ PIPEIN=t/quoted-label-and-target.sh.pipein
+ basename ./t/quoted-label-and-target.sh.pipeout
+ PTY_TYPE=t/quoted-label-and-target.sh.pipeout
+ rm -f t/quoted-label-and-target.sh.out
+ INFO_PRINT_COMMAND=>t/quoted-label-and-target.sh.out
+ export INFO_PRINT_COMMAND
+ PTY_PID=0
+ SUBSHELL=0
+ LC_ALL=C
+ export LC_ALL
+ TERM=dumb
+ export TERM
+ STTY=true
+ reset_required=no
+ trap cleanup 2
+ . ./t/Init-inter.inc
+ test -x pseudotty
+ path_sep=:
+ TERM=vt100
+ export TERM
+ basename ./t/quoted-label-and-target.sh.finished
+ FINISHEDFIFO=t/quoted-label-and-target.sh.finished
+ findprog stty
+ saveIFS= 	

+ IFS=:
+ IFS= 	

+ test -f /usr/local/bin/stty
+ test -f /usr/local/bin/stty.exe
+ IFS= 	

+ test -f /usr/bin/stty
+ test -f /usr/bin/stty.exe
+ IFS= 	

+ test -f /bin/stty
+ test -x /bin/stty
+ return 0
+ STTY=stty
+ reset_required=yes
+ test yes=yes
+ stty
+ grep [-]echo
stty: 'standard input': Inappropriate ioctl for device
+ rm -f t/quoted-label-and-target.sh.pipein t/quoted-label-and-target.sh.pipeout
+ findprog mkfifo
+ saveIFS= 	

+ IFS=:
+ IFS= 	

+ test -f /usr/local/bin/mkfifo
+ test -f /usr/local/bin/mkfifo.exe
+ IFS= 	

+ test -f /usr/bin/mkfifo
+ test -x /usr/bin/mkfifo
+ return 0
+ mkfifo t/quoted-label-and-target.sh.pipein
+ mkfifo t/quoted-label-and-target.sh.pipeout
+ test ! -r t/quoted-label-and-target.sh.pipein
+ test ! -r t/quoted-label-and-target.sh.pipeout
+ PTY_PID=29074
+ exec ./pseudotty+  t/quoted-label-and-target.sh.pipeoutread
 PTS_DEVICE
./pseudotty: getting pty master fd
./pseudotty: unlocking slave device
./pseudotty: getting file name of slave device...
./pseudotty: /dev/pts/5
./pseudotty: opening slave device
./pseudotty: attempting to set window size
./pseudotty: ...succeeded
./pseudotty: opening control channel
./pseudotty: + entering main loopexec

+ LIBC_FATAL_STDERR_=1
+ export LIBC_FATAL_STDERR
+ run_ginfo -f quoting
+ rm -f t/quoted-label-and-target.sh.finished
+ mkfifo t/quoted-label-and-target.sh.finished
+ SUBSHELL=29077
+ exec
+ + execexec

+ + exec./ginfo
 --init-file+  ./t/Infokey-configfindprog -f pgrep quoting

+ saveIFS= 	

+ IFS=:
+ IFS= 	

+ test -f /usr/local/bin/pgrep
+ test -f /usr/local/bin/pgrep.exe
+ IFS= 	

+ test -f /usr/bin/pgrep
+ test -x /usr/bin/pgrep
+ return 0
+ echo Fetching PID of ginfo process under test...
Fetching PID of ginfo process under test...
+ GINFO_PID=
+ pgrep -P 29077 ginfo
info: "./t/Infokey-config", line 2: unknown action `xxx-not-recognized'
info: "./t/Infokey-config", line 3: cannot bind key sequence to menu-digit
+ test 0 -eq 0
+ GINFO_PID=29078
+ test 0 -eq 99
+ echo 29078
+ wc -l
+ grep ^0$\|^1$
+ echo 29078+ 
grep -v ^[0-9]*$
+ test 1 -eq 0
+ echo 29078
+ tr -d \n
+ GINFO_PID=29078
+ test 29078 = 
+ break
+ test 29078 = 
+ echo ...29078
...29078
+ . ./t/Timeout-test.inc
+ TIMED_OUT=
+ status=0
+ printf \t\t\t\r\t\rDq
./pseudotty: trying to read
./pseudotty: read byte 0x09
./pseudotty: trying to read
./pseudotty: read byte 0x09
./pseudotty: trying to read
./pseudotty: read byte 0x09+ 
./pseudotty: trying to read
./pseudotty: read byte 0x0Dread
 -t./pseudotty:  0trying to read

./pseudotty: read byte 0x09./t/quoted-label-and-target.sh: 26: read: 
Illegal option -t./pseudotty: 
trying to read
+ ./pseudotty: testread byte 0x0D 2
 !=./pseudotty:  2trying to read

./pseudotty: + read byte 0x44exit
 1./pseudotty: 
trying to read
./pseudotty: read byte 0x71
+ test 1 != 0
+ status=2
+ test 2 != 2
+ test 2 != 2
+ RETVAL=0
+ test 2 = 1
+ test 2 != 0 -a 2 -le 128
+ rm -f t/quoted-label-and-target.sh.finished
+ test 0 -eq 0
+ echo finished
+ echo read -t not supported - test skipped
read -t not supported - test skipped
+ RETVAL=77
+ cleanup
+ test 29074 -ne 0
+ kill 29074
+ test 29077 -ne 0
+ kill 29077
./t/quoted-label-and-target.sh: 74: kill: No such process

+ rm -f t/quoted-label-and-target.sh.out
+ rm -f t/quoted-label-and-target.sh.pipein t/quoted-label-and-target.sh.pipeout
+ rm -f t/quoted-label-and-target.sh.finished
+ test yes = yes
+ stty
+ grep [-]echo
stty: 'standard input': Inappropriate ioctl for device
+ test -n 
+ exit 77
SKIP t/quoted-label-and-target.sh (exit status: 77)
