+ srcdir=.
+ GINFO=./ginfo --init-file ./t/Infokey-config
+ GINFO_NAME=ginfo
+ infodir=./t/infodir
+ export infodir
+ INFOPATH=./t/infodir
+ export INFOPATH
+ t=./t
+ export t
+ basename ./t/quoted-manual-in-label.sh.out
+ GINFO_OUTPUT=t/quoted-manual-in-label.sh.out
+ basename ./t/quoted-manual-in-label.sh.pipein
+ PIPEIN=t/quoted-manual-in-label.sh.pipein
+ basename ./t/quoted-manual-in-label.sh.pipeout
+ PTY_TYPE=t/quoted-manual-in-label.sh.pipeout
+ rm -f t/quoted-manual-in-label.sh.out
+ INFO_PRINT_COMMAND=>t/quoted-manual-in-label.sh.out
+ export INFO_PRINT_COMMAND
+ PTY_PID=0
+ SUBSHELL=0
+ LC_ALL=C
+ export LC_ALL
+ TERM=dumb
+ export TERM
+ STTY=true
+ reset_required=no
+ trap cleanup 2
+ . ./t/Init-inter.inc
+ test -x pseudotty
+ path_sep=:
+ TERM=vt100
+ export TERM
+ basename ./t/quoted-manual-in-label.sh.finished
+ FINISHEDFIFO=t/quoted-manual-in-label.sh.finished
+ findprog stty
+ saveIFS= 	

+ IFS=:
+ IFS= 	

+ test -f /usr/local/bin/stty
+ test -f /usr/local/bin/stty.exe
+ IFS= 	

+ test -f /usr/bin/stty
+ test -f /usr/bin/stty.exe
+ IFS= 	

+ test -f /bin/stty
+ test -x /bin/stty
+ return 0
+ STTY=stty
+ reset_required=yes
+ test yes=yes
+ stty
+ grep [-]echo
stty: 'standard input': Inappropriate ioctl for device
+ rm -f t/quoted-manual-in-label.sh.pipein t/quoted-manual-in-label.sh.pipeout
+ findprog mkfifo
+ saveIFS= 	

+ IFS=:
+ IFS= 	

+ test -f /usr/local/bin/mkfifo
+ test -f /usr/local/bin/mkfifo.exe
+ IFS= 	

+ test -f /usr/bin/mkfifo
+ test -x /usr/bin/mkfifo
+ return 0
+ mkfifo t/quoted-manual-in-label.sh.pipein
+ mkfifo t/quoted-manual-in-label.sh.pipeout
+ test ! -r t/quoted-manual-in-label.sh.pipein
+ test ! -r t/quoted-manual-in-label.sh.pipeout
+ PTY_PID=29157
+ exec ./pseudotty t/quoted-manual-in-label.sh.pipeout
+ read PTS_DEVICE
./pseudotty: getting pty master fd
./pseudotty: unlocking slave device
./pseudotty: getting file name of slave device...
./pseudotty: /dev/pts/5
./pseudotty: opening slave device
./pseudotty: attempting to set window size
./pseudotty: ...succeeded
./pseudotty: opening control channel
./pseudotty: + entering main loop
exec
+ LIBC_FATAL_STDERR_=1
+ export LIBC_FATAL_STDERR
+ run_ginfo -f quoting
+ rm -f t/quoted-manual-in-label.sh.finished
+ mkfifo t/quoted-manual-in-label.sh.finished
+ SUBSHELL=29160
+ exec
+ exec
+ ./ginfo --init-file ./t/Infokey-config -f quoting
+ exec
+ exec
+ findprog pgrep
+ saveIFS= 	

+ IFS=:
+ IFS= 	

+ test -f /usr/local/bin/pgrep
+ test -f /usr/local/bin/pgrep.exe
+ IFS= 	

+ test -f /usr/bin/pgrep
+ test -x /usr/bin/pgrep
+ return 0
+ echo Fetching PID of ginfo process under test...
Fetching PID of ginfo process under test...
+ GINFO_PID=
+ pgrep -P 29160 ginfo
info: "./t/Infokey-config", line 2: unknown action `xxx-not-recognized'
info: "./t/Infokey-config", line 3: cannot bind key sequence to menu-digit
+ test 0 -eq 0
+ GINFO_PID=29161
+ test 0 -eq 99
+ echo 29161
+ wc -l
+ grep ^0$\|^1$
+ echo+  29161
grep -v ^[0-9]*$
+ test 1 -eq 0
+ echo 29161
+ tr -d \n
+ GINFO_PID=29161
+ test 29161 = 
+ break
+ test 29161 = 
+ echo ...29161
...29161
+ printf \t\t\t\t\t\r\t\rDq
+ . ./t/Timeout-test.inc
+ TIMED_OUT=
+ status=0./pseudotty: 
trying to read
./pseudotty: read byte 0x09
./pseudotty: trying to read
./pseudotty: read byte 0x09
./pseudotty: trying to read
./pseudotty: read byte 0x09
+ read -t 0
./pseudotty: ./t/quoted-manual-in-label.sh: 26: read: trying to readIllegal option -t

./pseudotty: + read byte 0x09test
 2 != 2./pseudotty: 
trying to read
+ ./pseudotty: exitread byte 0x09 1

./pseudotty: trying to read
./pseudotty: read byte 0x0D
./pseudotty: trying to read
./pseudotty: read byte 0x09
./pseudotty: trying to read
./pseudotty: read byte 0x0D
./pseudotty: trying to read
./pseudotty: read byte 0x44
+ ./pseudotty: testtrying to read 1
 !=./pseudotty:  0read byte 0x71

+ status=2
+ test 2 != 2
+ test 2 != 2
+ RETVAL=0
+ test 2 = 1
+ test 2 != 0 -a 2 -le 128
+ rm -f t/quoted-manual-in-label.sh.finished
+ test 0 -eq 0
+ echo finished
+ echo read -t not supported - test skipped
read -t not supported - test skipped
+ RETVAL=77
+ cleanup
+ test 29157 -ne 0
+ kill 29157
+ test 29160 -ne 0
+ kill 29160
+ rm -f t/quoted-manual-in-label.sh.out
+ rm -f t/quoted-manual-in-label.sh.pipein t/quoted-manual-in-label.sh.pipeout
+ rm -f t/quoted-manual-in-label.sh.finished
+ test yes = yes
+ stty
+ grep [-]echo
stty: 'standard input': Inappropriate ioctl for device
+ test -n 
+ exit 77
SKIP t/quoted-manual-in-label.sh (exit status: 77)
