+ srcdir=.
+ GINFO=./ginfo --init-file ./t/Infokey-config
+ GINFO_NAME=ginfo
+ infodir=./t/infodir
+ export infodir
+ INFOPATH=./t/infodir
+ export INFOPATH
+ t=./t
+ export t
+ basename ./t/relative-reference.sh.out
+ GINFO_OUTPUT=t/relative-reference.sh.out
+ basename ./t/relative-reference.sh.pipein
+ PIPEIN=t/relative-reference.sh.pipein
+ basename ./t/relative-reference.sh.pipeout
+ PTY_TYPE=t/relative-reference.sh.pipeout
+ rm -f t/relative-reference.sh.out
+ INFO_PRINT_COMMAND=>t/relative-reference.sh.out
+ export INFO_PRINT_COMMAND
+ PTY_PID=0
+ SUBSHELL=0
+ LC_ALL=C
+ export LC_ALL
+ TERM=dumb
+ export TERM
+ STTY=true
+ reset_required=no
+ trap cleanup 2
+ . ./t/Init-inter.inc
+ test -x pseudotty
+ path_sep=:
+ TERM=vt100
+ export TERM
+ basename ./t/relative-reference.sh.finished
+ FINISHEDFIFO=t/relative-reference.sh.finished
+ findprog stty
+ saveIFS= 	

+ IFS=:
+ IFS= 	

+ test -f /usr/local/bin/stty
+ test -f /usr/local/bin/stty.exe
+ IFS= 	

+ test -f /usr/bin/stty
+ test -f /usr/bin/stty.exe
+ IFS= 	

+ test -f /bin/stty
+ test -x /bin/stty
+ return 0
+ STTY=stty
+ reset_required=yes
+ test yes=yes
+ stty
stty: 'standard input': Inappropriate ioctl for device
+ grep [-]echo
+ rm -f t/relative-reference.sh.pipein t/relative-reference.sh.pipeout
+ findprog mkfifo
+ saveIFS= 	

+ IFS=:
+ IFS= 	

+ test -f /usr/local/bin/mkfifo
+ test -f /usr/local/bin/mkfifo.exe
+ IFS= 	

+ test -f /usr/bin/mkfifo
+ test -x /usr/bin/mkfifo
+ return 0
+ mkfifo t/relative-reference.sh.pipein
+ mkfifo t/relative-reference.sh.pipeout
+ test ! -r t/relative-reference.sh.pipein
+ test ! -r t/relative-reference.sh.pipeout
+ PTY_PID=28554
+ exec ./pseudotty t/relative-reference.sh.pipeout
+ read PTS_DEVICE
./pseudotty: getting pty master fd
./pseudotty: unlocking slave device
./pseudotty: getting file name of slave device...
./pseudotty: /dev/pts/2
./pseudotty: opening slave device
./pseudotty: attempting to set window size
./pseudotty: ...succeeded
./pseudotty: opening control channel
+ exec
+ LIBC_FATAL_STDERR_=1
+ export LIBC_FATAL_STDERR
+ run_ginfo -f file-menu
+ rm -f t/relative-reference.sh.finished
./pseudotty: entering main loop
+ mkfifo t/relative-reference.sh.finished
+ SUBSHELL=28567
+ exec
+ exec+ 
exec
+ + ./ginfoexec --init-file
 ./t/Infokey-config+  -ffindprog file-menu pgrep

+ saveIFS= 	

+ IFS=:
+ IFS= 	

+ test -f /usr/local/bin/pgrep
+ test -f /usr/local/bin/pgrep.exe
+ IFS= 	

+ test -f /usr/bin/pgrep
+ test -x /usr/bin/pgrep
+ return 0
+ echo Fetching PID of ginfo process under test...
Fetching PID of ginfo process under test...
+ GINFO_PID=
+ pgrep -P 28567 ginfo
info: "./t/Infokey-config", line 2: unknown action `xxx-not-recognized'
info: "./t/Infokey-config", line 3: cannot bind key sequence to menu-digit
+ test 0 -eq 0
+ GINFO_PID=28568
+ test 0 -eq 99
+ wc -l+ 
echo 28568
+ grep ^0$\|^1$
+ echo 28568
+ grep -v ^[0-9]*$
+ test 1 -eq 0
+ echo 28568
+ tr -d \n
+ GINFO_PID=28568
+ test 28568 = 
+ break
+ test 28568 = 
+ echo ...28568
...28568
+ printf \0302\t\t\t\r
+ ./pseudotty: printftrying to read \030o\0301\t\t\t\rq

./pseudotty: read byte 0x18
+ . ./t/Timeout-test.inc
./pseudotty: trying to read
./pseudotty: read byte 0x32
./pseudotty: + trying to readTIMED_OUT=

./pseudotty: read byte 0x09
+ ./pseudotty: status=0trying to read

./pseudotty: read byte 0x09
./pseudotty: trying to read
./pseudotty: read byte 0x09
./pseudotty: trying to read
./pseudotty: read byte 0x0D
./pseudotty: trying to read
./pseudotty: read byte 0x18
./pseudotty: trying to read
./pseudotty: read byte 0x6F
./pseudotty: trying to read
./pseudotty: read byte 0x18
./pseudotty: trying to read
./pseudotty: + read byte 0x31
./pseudotty: trying to read
./pseudotty: read byte 0x09read
 -t./pseudotty:  0trying to read

./pseudotty: ./t/relative-reference.sh: 26: read: read byte 0x09Illegal option -t

./pseudotty: trying to read+ 
test./pseudotty:  2read byte 0x09 !=
 2
./pseudotty: trying to read
+ ./pseudotty: exitread byte 0x0D 1

./pseudotty: trying to read
./pseudotty: read byte 0x71
+ test 0 -eq 0
+ echo finished
+ test 1 != 0
+ status=2
+ test 2 != 2
+ test 2 != 2
+ RETVAL=0
+ test 2 = 1
+ test 2 != 0 -a 2 -le 128
+ rm -f t/relative-reference.sh.finished
+ echo read -t not supported - test skipped
read -t not supported - test skipped
+ RETVAL=77
+ cleanup
+ test 28554 -ne 0
+ kill 28554
+ test 28567 -ne 0
+ kill 28567
./t/relative-reference.sh: 74: kill: No such process

+ rm -f t/relative-reference.sh.out
+ rm -f t/relative-reference.sh.pipein t/relative-reference.sh.pipeout
+ rm -f t/relative-reference.sh.finished
+ test yes = yes
+ stty
+ grep [-]echo
stty: 'standard input': Inappropriate ioctl for device
+ test -n 
+ exit 77
SKIP t/relative-reference.sh (exit status: 77)
