+ srcdir=.
+ GINFO=./ginfo --init-file ./t/Infokey-config
+ GINFO_NAME=ginfo
+ infodir=./t/infodir
+ export infodir
+ INFOPATH=./t/infodir
+ export INFOPATH
+ t=./t
+ export t
+ basename ./t/relative-path.sh.out
+ GINFO_OUTPUT=t/relative-path.sh.out
+ basename ./t/relative-path.sh.pipein
+ PIPEIN=t/relative-path.sh.pipein
+ basename ./t/relative-path.sh.pipeout
+ PTY_TYPE=t/relative-path.sh.pipeout
+ rm -f t/relative-path.sh.out
+ INFO_PRINT_COMMAND=>t/relative-path.sh.out
+ export INFO_PRINT_COMMAND
+ PTY_PID=0
+ SUBSHELL=0
+ LC_ALL=C
+ export LC_ALL
+ TERM=dumb
+ export TERM
+ STTY=true
+ reset_required=no
+ trap cleanup 2
+ grep ^File: sample.info,
+ ./ginfo --init-file ./t/Infokey-config --output - ./t/infodir/sample.info
info: "./t/Infokey-config", line 2: unknown action `xxx-not-recognized'
info: "./t/Infokey-config", line 3: cannot bind key sequence to menu-digit
File: sample.info,  Node: Top,  Up: (DIR)
PASS t/relative-path.sh (exit status: 0)
