+ srcdir=.
+ GINFO=./ginfo --init-file ./t/Infokey-config
+ GINFO_NAME=ginfo
+ infodir=./t/infodir
+ export infodir
+ INFOPATH=./t/infodir
+ export INFOPATH
+ t=./t
+ export t
+ basename ./t/resize-in-completions.sh.out
+ GINFO_OUTPUT=t/resize-in-completions.sh.out
+ basename ./t/resize-in-completions.sh.pipein
+ PIPEIN=t/resize-in-completions.sh.pipein
+ basename ./t/resize-in-completions.sh.pipeout
+ PTY_TYPE=t/resize-in-completions.sh.pipeout
+ rm -f t/resize-in-completions.sh.out
+ INFO_PRINT_COMMAND=>t/resize-in-completions.sh.out
+ export INFO_PRINT_COMMAND
+ PTY_PID=0
+ SUBSHELL=0
+ LC_ALL=C
+ export LC_ALL
+ TERM=dumb
+ export TERM
+ STTY=true
+ reset_required=no
+ trap cleanup 2
+ . ./t/Init-inter.inc
+ test -x pseudotty
+ path_sep=:
+ TERM=vt100
+ export TERM
+ basename ./t/resize-in-completions.sh.finished
+ FINISHEDFIFO=t/resize-in-completions.sh.finished
+ findprog stty
+ saveIFS= 	

+ IFS=:
+ IFS= 	

+ test -f /usr/local/bin/stty
+ test -f /usr/local/bin/stty.exe
+ IFS= 	

+ test -f /usr/bin/stty
+ test -f /usr/bin/stty.exe
+ IFS= 	

+ test -f /bin/stty
+ test -x /bin/stty
+ return 0
+ STTY=stty
+ reset_required=yes
+ test yes=yes
+ stty
+ grep [-]echo
stty: 'standard input': Inappropriate ioctl for device
+ rm -f t/resize-in-completions.sh.pipein t/resize-in-completions.sh.pipeout
+ findprog mkfifo
+ saveIFS= 	

+ IFS=:
+ IFS= 	

+ test -f /usr/local/bin/mkfifo
+ test -f /usr/local/bin/mkfifo.exe
+ IFS= 	

+ test -f /usr/bin/mkfifo
+ test -x /usr/bin/mkfifo
+ return 0
+ mkfifo t/resize-in-completions.sh.pipein
+ mkfifo t/resize-in-completions.sh.pipeout
+ test ! -r t/resize-in-completions.sh.pipein
+ test ! -r t/resize-in-completions.sh.pipeout
+ PTY_PID=28603
+ + readexec PTS_DEVICE ./pseudotty
 t/resize-in-completions.sh.pipeout
./pseudotty: getting pty master fd
./pseudotty: unlocking slave device
./pseudotty: getting file name of slave device...
./pseudotty: /dev/pts/3
./pseudotty: opening slave device
./pseudotty: attempting to set window size
./pseudotty: ...succeeded
./pseudotty: opening control channel
+ exec
+ LIBC_FATAL_STDERR_=1
+ export LIBC_FATAL_STDERR
+ run_ginfo -f file-menu
+ rm -f t/resize-in-completions.sh.finished
./pseudotty: entering main loop
+ mkfifo t/resize-in-completions.sh.finished
+ SUBSHELL=28621
+ exec
+ exec
+ exec
+ ./ginfo --init-file+  ./t/Infokey-configexec -f
 file-menu+ 
findprog pgrep
+ saveIFS= 	

+ IFS=:
+ IFS= 	

+ test -f /usr/local/bin/pgrep
+ test -f /usr/local/bin/pgrep.exe
+ IFS= 	

+ test -f /usr/bin/pgrep
+ test -x /usr/bin/pgrep
+ return 0
+ echo Fetching PID of ginfo process under test...
Fetching PID of ginfo process under test...
+ GINFO_PID=
+ pgrep -P 28621 ginfo
info: "./t/Infokey-config", line 2: unknown action `xxx-not-recognized'
info: "./t/Infokey-config", line 3: cannot bind key sequence to menu-digit
+ test 0 -eq 0
+ GINFO_PID=28624
+ test 0 -eq 99
+ wc -l
+ echo 28624
+ grep ^0$\|^1$
+ + echo 28624
grep -v ^[0-9]*$
+ test 1 -eq 0
+ + tr -d \necho
 28624
+ GINFO_PID=28624
+ test 28624 = 
+ break
+ test 28624 = 
+ echo ...28624
...28624
+ test 28624 = unknown
+ printf g\t
+ sleep 1./pseudotty: 
trying to read
./pseudotty: read byte 0x67
./pseudotty: trying to read
./pseudotty: read byte 0x09
+ kill -s WINCH 28624
+ sleep 1
+ printf \007q
+ . ./t/Timeout-test.inc
./pseudotty: + trying to readTIMED_OUT=

./pseudotty: + read byte 0x07status=0

./pseudotty: trying to read
./pseudotty: read byte 0x71
+ read -t 0
./t/resize-in-completions.sh: 26: read: Illegal option -t
+ test 2 != 2
+ exit 1
+ test 1 != 0
+ + status=2test
 0 -eq 0
+ test 2 != 2
+ echo finished
+ test 2 != 2
+ RETVAL=0
+ test 2 = 1
+ test 2 != 0 -a 2 -le 128
+ rm -f t/resize-in-completions.sh.finished
+ echo read -t not supported - test skipped
read -t not supported - test skipped
+ RETVAL=77
+ cleanup
+ test 28603 -ne 0
+ kill 28603
+ test 28621 -ne 0
+ kill 28621
./t/resize-in-completions.sh: 74: kill: No such process

+ rm -f t/resize-in-completions.sh.out
+ rm -f t/resize-in-completions.sh.pipein t/resize-in-completions.sh.pipeout
+ rm -f t/resize-in-completions.sh.finished
+ test yes = yes
+ stty+ 
grep [-]echo
stty: 'standard input': Inappropriate ioctl for device
+ test -n 
+ exit 77
SKIP t/resize-in-completions.sh (exit status: 77)
