+ srcdir=.
+ GINFO=./ginfo --init-file ./t/Infokey-config
+ GINFO_NAME=ginfo
+ infodir=./t/infodir
+ export infodir
+ INFOPATH=./t/infodir
+ export INFOPATH
+ t=./t
+ export t
+ basename ./t/search-after-tag.sh.out
+ GINFO_OUTPUT=t/search-after-tag.sh.out
+ basename ./t/search-after-tag.sh.pipein
+ PIPEIN=t/search-after-tag.sh.pipein
+ basename ./t/search-after-tag.sh.pipeout
+ PTY_TYPE=t/search-after-tag.sh.pipeout
+ rm -f t/search-after-tag.sh.out
+ INFO_PRINT_COMMAND=>t/search-after-tag.sh.out
+ export INFO_PRINT_COMMAND
+ PTY_PID=0
+ SUBSHELL=0
+ LC_ALL=C
+ export LC_ALL
+ TERM=dumb
+ export TERM
+ STTY=true
+ reset_required=no
+ trap cleanup 2
+ . ./t/Init-inter.inc
+ test -x pseudotty
+ path_sep=:
+ TERM=vt100
+ export TERM
+ basename ./t/search-after-tag.sh.finished
+ FINISHEDFIFO=t/search-after-tag.sh.finished
+ findprog stty
+ saveIFS= 	

+ IFS=:
+ IFS= 	

+ test -f /usr/local/bin/stty
+ test -f /usr/local/bin/stty.exe
+ IFS= 	

+ test -f /usr/bin/stty
+ test -f /usr/bin/stty.exe
+ IFS= 	

+ test -f /bin/stty
+ test -x /bin/stty
+ return 0
+ STTY=stty
+ reset_required=yes
+ test yes=yes
+ stty
+ grep [-]echo
stty: 'standard input': Inappropriate ioctl for device
+ rm -f t/search-after-tag.sh.pipein t/search-after-tag.sh.pipeout
+ findprog mkfifo
+ saveIFS= 	

+ IFS=:
+ IFS= 	

+ test -f /usr/local/bin/mkfifo
+ test -f /usr/local/bin/mkfifo.exe
+ IFS= 	

+ test -f /usr/bin/mkfifo
+ test -x /usr/bin/mkfifo
+ return 0
+ mkfifo t/search-after-tag.sh.pipein
+ mkfifo t/search-after-tag.sh.pipeout
+ test ! -r t/search-after-tag.sh.pipein
+ test ! -r t/search-after-tag.sh.pipeout
+ PTY_PID=28043
+ + readexec PTS_DEVICE ./pseudotty
 t/search-after-tag.sh.pipeout
./pseudotty: getting pty master fd
./pseudotty: unlocking slave device
./pseudotty: getting file name of slave device...
./pseudotty: /dev/pts/5
./pseudotty: opening slave device
./pseudotty: attempting to set window size
./pseudotty: ...succeeded
./pseudotty: opening control channel
+ exec
+ LIBC_FATAL_STDERR_=1
+ export LIBC_FATAL_STDERR
+ run_ginfo -f intera -n Searching
+ rm -f t/search-after-tag.sh.finished
./pseudotty: entering main loop
+ mkfifo t/search-after-tag.sh.finished
+ SUBSHELL=28054
+ exec
+ exec
+ exec
+ findprog pgrep
+ saveIFS= 	

+ IFS=:
+ IFS= 	

+ test -f /usr/local/bin/pgrep
+ test -f /usr/local/bin/pgrep.exe
+ IFS= 	

+ test -f /usr/bin/pgrep
+ test -x /usr/bin/pgrep
+ return 0
+ echo Fetching PID of ginfo process under test...
Fetching PID of ginfo process under test...
+ GINFO_PID=
+ exec
+ ./ginfo --init-file ./t/Infokey-config -f intera -n Searching
info: "./t/Infokey-config", line 2: unknown action `xxx-not-recognized'
info: "./t/Infokey-config", line 3: cannot bind key sequence to menu-digit
+ pgrep -P 28054 ginfo
+ test 0 -eq 0
+ GINFO_PID=28057
+ test 0 -eq 99
+ echo 28057
+ wc -l
+ grep ^0$\|^1$
+ grep -v ^[0-9]*$
+ echo 28057
+ test 1 -eq 0
+ echo 28057
+ tr -d \n
+ GINFO_PID=28057
+ test 28057 = 
+ break
+ test 28057 = 
+ echo ...28057
...28057
+ printf /match\r\x06\x06\x06\x06\x06\x06\x06\x06\x06\x06\x06\rDq
+ . ./t/Timeout-test.inc
+ TIMED_OUT=
+ status=0
./pseudotty: trying to read
./pseudotty: read byte 0x2F
./pseudotty: trying to read
./pseudotty: read byte 0x6D
./pseudotty: trying to read
./pseudotty: read byte 0x61
./pseudotty: trying to read
./pseudotty: read byte 0x74
./pseudotty: trying to read
./pseudotty: read byte 0x63
./pseudotty: trying to read
./pseudotty: read byte 0x68
./pseudotty: trying to read
./pseudotty: read byte 0x0D
./pseudotty: trying to read
./pseudotty: read byte 0x5C
./pseudotty: trying to read
./pseudotty: read byte 0x78
./pseudotty: trying to read
./pseudotty: read byte 0x30
./pseudotty: trying to read
./pseudotty: read byte 0x36
./pseudotty: trying to read
./pseudotty: read byte 0x5C
./pseudotty: trying to read
./pseudotty: read byte 0x78
./pseudotty: trying to read
./pseudotty: read byte 0x30
./pseudotty: trying to read
./pseudotty: read byte 0x36
./pseudotty: trying to read
./pseudotty: read byte 0x5C
./pseudotty: trying to read
./pseudotty: read byte 0x78
./pseudotty: trying to read
./pseudotty: read byte 0x30
./pseudotty: trying to read
./pseudotty: read byte 0x36
./pseudotty: trying to read
./pseudotty: read byte 0x5C
./pseudotty: trying to read
./pseudotty: read byte 0x78
./pseudotty: trying to read
./pseudotty: read byte 0x30
./pseudotty: trying to read
./pseudotty: read byte 0x36
./pseudotty: trying to read
+ ./pseudotty: read byte 0x5C
./pseudotty: trying to read
read./pseudotty:  -tread byte 0x78 0

./pseudotty: trying to read
./pseudotty: ./t/search-after-tag.sh: 26: read: read byte 0x30Illegal option -t

./pseudotty: trying to read+ 
test./pseudotty:  2read byte 0x36 !=
 2
./pseudotty: trying to read+ 
exit./pseudotty:  1read byte 0x5C

./pseudotty: trying to read
./pseudotty: read byte 0x78
./pseudotty: trying to read
./pseudotty: read byte 0x30
./pseudotty: trying to read
./pseudotty: read byte 0x36
./pseudotty: trying to read
./pseudotty: read byte 0x5C
./pseudotty: trying to read
./pseudotty: read byte 0x78
./pseudotty: trying to read
./pseudotty: read byte 0x30
./pseudotty: trying to read
./pseudotty: read byte 0x36
./pseudotty: trying to read
./pseudotty: read byte 0x5C
./pseudotty: trying to read
./pseudotty: read byte 0x78
./pseudotty: trying to read
./pseudotty: read byte 0x30
./pseudotty: trying to read
./pseudotty: read byte 0x36
./pseudotty: trying to read
./pseudotty: read byte 0x5C
./pseudotty: trying to read
+ ./pseudotty: read byte 0x78test
 1./pseudotty:  !=trying to read 0

./pseudotty: read byte 0x30
+ ./pseudotty: status=2trying to read

./pseudotty: read byte 0x36
+ ./pseudotty: trying to read
test./pseudotty:  2read byte 0x5C !=
 2
./pseudotty: trying to read
./pseudotty: read byte 0x78+ 
test./pseudotty:  2trying to read !=
 2./pseudotty: 
read byte 0x30
+ ./pseudotty: RETVAL=0trying to read

./pseudotty: read byte 0x36
./pseudotty: trying to read
./pseudotty: read byte 0x5C
+ ./pseudotty: testtrying to read 2
 =./pseudotty:  1read byte 0x78

./pseudotty: + trying to readtest
 2./pseudotty:  !=read byte 0x30 0
 -a./pseudotty:  2trying to read -le
 128./pseudotty: 
read byte 0x36
./pseudotty: trying to read+ 
rm./pseudotty:  -fread byte 0x0D t/search-after-tag.sh.finished

./pseudotty: trying to read
./pseudotty: read byte 0x44
./pseudotty: trying to read
./pseudotty: read byte 0x71
+ echo read -t not supported - test skipped
read -t not supported - test skipped
+ RETVAL=77
+ cleanup
+ test 28043 -ne 0
+ kill 28043
+ test 28054 -ne 0
+ kill 28054
+ rm -f t/search-after-tag.sh.out
+ rm -f t/search-after-tag.sh.pipein t/search-after-tag.sh.pipeout
+ rm -f t/search-after-tag.sh.finished
+ test yes = yes
+ stty
stty: 'standard input': Inappropriate ioctl for device
+ grep [-]echo
+ test -n 
+ exit 77
SKIP t/search-after-tag.sh (exit status: 77)
