+ srcdir=.
+ GINFO=./ginfo --init-file ./t/Infokey-config
+ GINFO_NAME=ginfo
+ infodir=./t/infodir
+ export infodir
+ INFOPATH=./t/infodir
+ export INFOPATH
+ t=./t
+ export t
+ basename ./t/search-skip-screen.sh.out
+ GINFO_OUTPUT=t/search-skip-screen.sh.out
+ basename ./t/search-skip-screen.sh.pipein
+ PIPEIN=t/search-skip-screen.sh.pipein
+ basename ./t/search-skip-screen.sh.pipeout
+ PTY_TYPE=t/search-skip-screen.sh.pipeout
+ rm -f t/search-skip-screen.sh.out
+ INFO_PRINT_COMMAND=>t/search-skip-screen.sh.out
+ export INFO_PRINT_COMMAND
+ PTY_PID=0
+ SUBSHELL=0
+ LC_ALL=C
+ export LC_ALL
+ TERM=dumb
+ export TERM
+ STTY=true
+ reset_required=no
+ trap cleanup 2
+ . ./t/Init-inter.inc
+ test -x pseudotty
+ path_sep=:
+ TERM=vt100
+ export TERM
+ basename ./t/search-skip-screen.sh.finished
+ FINISHEDFIFO=t/search-skip-screen.sh.finished
+ findprog stty
+ saveIFS= 	

+ IFS=:
+ IFS= 	

+ test -f /usr/local/bin/stty
+ test -f /usr/local/bin/stty.exe
+ IFS= 	

+ test -f /usr/bin/stty
+ test -f /usr/bin/stty.exe
+ IFS= 	

+ test -f /bin/stty
+ test -x /bin/stty
+ return 0
+ STTY=stty
+ reset_required=yes
+ test yes=yes
+ stty
+ grep [-]echo
stty: 'standard input': Inappropriate ioctl for device
+ rm -f t/search-skip-screen.sh.pipein t/search-skip-screen.sh.pipeout
+ findprog mkfifo
+ saveIFS= 	

+ IFS=:
+ IFS= 	

+ test -f /usr/local/bin/mkfifo
+ test -f /usr/local/bin/mkfifo.exe
+ IFS= 	

+ test -f /usr/bin/mkfifo
+ test -x /usr/bin/mkfifo
+ return 0
+ mkfifo t/search-skip-screen.sh.pipein
+ mkfifo t/search-skip-screen.sh.pipeout
+ test ! -r t/search-skip-screen.sh.pipein
+ test ! -r t/search-skip-screen.sh.pipeout
+ PTY_PID=28641
+ read PTS_DEVICE
+ exec ./pseudotty t/search-skip-screen.sh.pipeout
./pseudotty: getting pty master fd
./pseudotty: unlocking slave device
./pseudotty: getting file name of slave device...
./pseudotty: /dev/pts/5
./pseudotty: opening slave device
./pseudotty: attempting to set window size
./pseudotty: ...succeeded
./pseudotty: opening control channel
+ exec
+ LIBC_FATAL_STDERR_=1
+ export LIBC_FATAL_STDERR
+ run_ginfo -v search-skip-screen=Off -f search
+ rm -f t/search-skip-screen.sh.finished
./pseudotty: entering main loop
+ mkfifo t/search-skip-screen.sh.finished
+ SUBSHELL=28653
+ exec
+ exec+ 
exec
+ + exec./ginfo
 --init-file+  ./t/Infokey-configfindprog -v pgrep search-skip-screen=Off
 -f search
+ saveIFS= 	

+ IFS=:
+ IFS= 	

+ test -f /usr/local/bin/pgrep
+ test -f /usr/local/bin/pgrep.exe
+ IFS= 	

+ test -f /usr/bin/pgrep
+ test -x /usr/bin/pgrep
+ return 0
+ echo Fetching PID of ginfo process under test...
Fetching PID of ginfo process under test...
+ GINFO_PID=
+ pgrep -P 28653 ginfo
info: "./t/Infokey-config", line 2: unknown action `xxx-not-recognized'
info: "./t/Infokey-config", line 3: cannot bind key sequence to menu-digit
+ test 0 -eq 0
+ GINFO_PID=28654
+ test 0 -eq 99
+ echo 28654
+ wc+  -l
grep ^0$\|^1$
+ echo 28654
+ grep -v ^[0-9]*$
+ test 1 -eq 0
+ echo 28654
+ tr -d \n
+ GINFO_PID=28654
+ test 28654 = 
+ break
+ test 28654 = 
+ echo ...28654
...28654
+ printf smatch\r}{Dq
+ ../pseudotty:  ./t/Timeout-test.inctrying to read

./pseudotty: read byte 0x73
+ TIMED_OUT=./pseudotty: 
trying to read
./pseudotty: + read byte 0x6Dstatus=0

./pseudotty: trying to read
./pseudotty: read byte 0x61
./pseudotty: trying to read
./pseudotty: read byte 0x74
./pseudotty: trying to read
./pseudotty: read byte 0x63
./pseudotty: trying to read
./pseudotty: read byte 0x68
./pseudotty: trying to read
./pseudotty: read byte 0x0D
./pseudotty: trying to read
./pseudotty: read byte 0x7D
./pseudotty: trying to read
./pseudotty: read byte 0x7B
./pseudotty: trying to read
./pseudotty: read byte 0x44
./pseudotty: + trying to read
./pseudotty: read byte 0x71
read -t 0
./t/search-skip-screen.sh: 26: read: Illegal option -t
+ test 2 != 2
+ exit 1
+ test 1 != 0
+ status=2
+ test 2 != 2
+ test 2 != 2
+ RETVAL=0
+ test 2 = 1
+ test 2 != 0 -a 2 -le 128
+ rm -f t/search-skip-screen.sh.finished
+ test 0 -eq 0
+ echo finished
+ echo read -t not supported - test skipped
read -t not supported - test skipped
+ RETVAL=77
+ cleanup
+ test 28641 -ne 0
+ kill 28641
+ test 28653 -ne 0
+ kill 28653
./t/search-skip-screen.sh: 74: kill: No such process

+ rm -f t/search-skip-screen.sh.out
+ rm -f t/search-skip-screen.sh.pipein t/search-skip-screen.sh.pipeout
+ rm -f t/search-skip-screen.sh.finished
+ test yes = yes
+ stty
+ grep [-]echo
stty: 'standard input': Inappropriate ioctl for device
+ test -n 
+ exit 77
SKIP t/search-skip-screen.sh (exit status: 77)
