+ srcdir=.
+ GINFO=./ginfo --init-file ./t/Infokey-config
+ GINFO_NAME=ginfo
+ infodir=./t/infodir
+ export infodir
+ INFOPATH=./t/infodir
+ export INFOPATH
+ t=./t
+ export t
+ basename ./t/search-split-after-index.sh.out
+ GINFO_OUTPUT=t/search-split-after-index.sh.out
+ basename ./t/search-split-after-index.sh.pipein
+ PIPEIN=t/search-split-after-index.sh.pipein
+ basename ./t/search-split-after-index.sh.pipeout
+ PTY_TYPE=t/search-split-after-index.sh.pipeout
+ rm -f t/search-split-after-index.sh.out
+ INFO_PRINT_COMMAND=>t/search-split-after-index.sh.out
+ export INFO_PRINT_COMMAND
+ PTY_PID=0
+ SUBSHELL=0
+ LC_ALL=C
+ export LC_ALL
+ TERM=dumb
+ export TERM
+ STTY=true
+ reset_required=no
+ trap cleanup 2
+ . ./t/Init-inter.inc
+ test -x pseudotty
+ path_sep=:
+ TERM=vt100
+ export TERM
+ basename ./t/search-split-after-index.sh.finished
+ FINISHEDFIFO=t/search-split-after-index.sh.finished
+ findprog stty
+ saveIFS= 	

+ IFS=:
+ IFS= 	

+ test -f /usr/local/bin/stty
+ test -f /usr/local/bin/stty.exe
+ IFS= 	

+ test -f /usr/bin/stty
+ test -f /usr/bin/stty.exe
+ IFS= 	

+ test -f /bin/stty
+ test -x /bin/stty
+ return 0
+ STTY=stty
+ reset_required=yes
+ test yes=yes
+ stty
+ grep [-]echo
stty: 'standard input': Inappropriate ioctl for device
+ rm -f t/search-split-after-index.sh.pipein t/search-split-after-index.sh.pipeout
+ findprog mkfifo
+ saveIFS= 	

+ IFS=:
+ IFS= 	

+ test -f /usr/local/bin/mkfifo
+ test -f /usr/local/bin/mkfifo.exe
+ IFS= 	

+ test -f /usr/bin/mkfifo
+ test -x /usr/bin/mkfifo
+ return 0
+ mkfifo t/search-split-after-index.sh.pipein
+ mkfifo t/search-split-after-index.sh.pipeout
+ test ! -r t/search-split-after-index.sh.pipein
+ test ! -r t/search-split-after-index.sh.pipeout
+ PTY_PID=28168
+ + read PTS_DEVICEexec
 ./pseudotty t/search-split-after-index.sh.pipeout
./pseudotty: getting pty master fd
./pseudotty: unlocking slave device
./pseudotty: getting file name of slave device...
./pseudotty: /dev/pts/3
./pseudotty: opening slave device
./pseudotty: attempting to set window size
./pseudotty: ...succeeded
./pseudotty: opening control channel
+ exec
+ LIBC_FATAL_STDERR_=1
+ export LIBC_FATAL_STDERR
+ run_ginfo -f split Link to node
+ rm -f t/search-split-after-index.sh.finished
./pseudotty: entering main loop
+ mkfifo t/search-split-after-index.sh.finished
+ SUBSHELL=28179
+ exec
+ exec
+ exec
+ findprog pgrep
+ saveIFS= 	

+ IFS=:
+ IFS= 	

+ test -f /usr/local/bin/pgrep
+ test -f /usr/local/bin/pgrep.exe
+ IFS= 	

+ test -f /usr/bin/pgrep
+ test -x /usr/bin/pgrep
+ return 0
+ echo Fetching PID of ginfo process under test...
Fetching PID of ginfo process under test...
+ GINFO_PID=
+ exec
+ ./ginfo --init-file ./t/Infokey-config -f split Link to node
+ pgrep -P 28179 ginfo
info: "./t/Infokey-config", line 2: unknown action `xxx-not-recognized'
info: "./t/Infokey-config", line 3: cannot bind key sequence to menu-digit
+ test 0 -eq 0
+ GINFO_PID=28182
+ test 0 -eq 99
+ echo 28182
+ grep ^0$\|^1$
+ wc -l
+ echo 28182
+ grep -v ^[0-9]*$
+ test 1 -eq 0
+ tr -d \n
+ echo 28182
+ GINFO_PID=28182
+ test 28182 = 
+ break
+ test 28182 = 
+ echo ...28182
...28182
+ printf /node\r}}}}}q
+ . ./t/Timeout-test.inc
+ TIMED_OUT=
+ status=0
./pseudotty: trying to read
./pseudotty: read byte 0x2F
+ ./pseudotty: trying to read
./pseudotty: read byte 0x6E
read./pseudotty:  -ttrying to read 0

./pseudotty: read byte 0x6F
./pseudotty: ./t/search-split-after-index.sh: 26: read: trying to readIllegal option -t

./pseudotty: read byte 0x64
+ ./pseudotty: testtrying to read
./pseudotty: read byte 0x65
./pseudotty: trying to read
./pseudotty: read byte 0x0D
./pseudotty: trying to read
./pseudotty: read byte 0x7D
./pseudotty: trying to read
./pseudotty: read byte 0x7D
./pseudotty: trying to read
./pseudotty: read byte 0x7D
./pseudotty: trying to read
./pseudotty: read byte 0x7D
./pseudotty: trying to read
./pseudotty: read byte 0x7D
./pseudotty: trying to read
./pseudotty: read byte 0x71
 2 != 2
+ exit 1
+ test 1 != 0
+ status=2
+ test 2 != 2
+ test 2 != 2
+ RETVAL=0
+ test 2 = 1
+ test 2 != 0 -a 2 -le 128
+ rm -f t/search-split-after-index.sh.finished
+ test 0 -eq 0
+ echo finished
+ echo read -t not supported - test skipped
read -t not supported - test skipped
+ RETVAL=77
+ cleanup
+ test 28168 -ne 0
+ kill 28168
+ test 28179 -ne 0
+ kill 28179
./t/search-split-after-index.sh: 74: kill: No such process

+ rm -f t/search-split-after-index.sh.out
+ rm -f t/search-split-after-index.sh.pipein t/search-split-after-index.sh.pipeout
+ rm -f t/search-split-after-index.sh.finished
+ test yes = yes
+ grep [-]echo
+ stty
stty: 'standard input': Inappropriate ioctl for device
+ test -n 
+ exit 77
SKIP t/search-split-after-index.sh (exit status: 77)
