+ srcdir=.
+ GINFO=./ginfo --init-file ./t/Infokey-config
+ GINFO_NAME=ginfo
+ infodir=./t/infodir
+ export infodir
+ INFOPATH=./t/infodir
+ export INFOPATH
+ t=./t
+ export t
+ basename ./t/search-empty.sh.out
+ GINFO_OUTPUT=t/search-empty.sh.out
+ basename ./t/search-empty.sh.pipein
+ PIPEIN=t/search-empty.sh.pipein
+ basename ./t/search-empty.sh.pipeout
+ PTY_TYPE=t/search-empty.sh.pipeout
+ rm -f t/search-empty.sh.out
+ INFO_PRINT_COMMAND=>t/search-empty.sh.out
+ export INFO_PRINT_COMMAND
+ PTY_PID=0
+ SUBSHELL=0
+ LC_ALL=C
+ export LC_ALL
+ TERM=dumb
+ export TERM
+ STTY=true
+ reset_required=no
+ trap cleanup 2
+ . ./t/Init-inter.inc
+ test -x pseudotty
+ path_sep=:
+ TERM=vt100
+ export TERM
+ basename ./t/search-empty.sh.finished
+ FINISHEDFIFO=t/search-empty.sh.finished
+ findprog stty
+ saveIFS= 	

+ IFS=:
+ IFS= 	

+ test -f /usr/local/bin/stty
+ test -f /usr/local/bin/stty.exe
+ IFS= 	

+ test -f /usr/bin/stty
+ test -f /usr/bin/stty.exe
+ IFS= 	

+ test -f /bin/stty
+ test -x /bin/stty
+ return 0
+ STTY=stty
+ reset_required=yes
+ test yes=yes
+ stty
+ grep [-]echo
stty: 'standard input': Inappropriate ioctl for device
+ rm -f t/search-empty.sh.pipein t/search-empty.sh.pipeout
+ findprog mkfifo
+ saveIFS= 	

+ IFS=:
+ IFS= 	

+ test -f /usr/local/bin/mkfifo
+ test -f /usr/local/bin/mkfifo.exe
+ IFS= 	

+ test -f /usr/bin/mkfifo
+ test -x /usr/bin/mkfifo
+ return 0
+ mkfifo t/search-empty.sh.pipein
+ mkfifo t/search-empty.sh.pipeout
+ test ! -r t/search-empty.sh.pipein
+ test ! -r t/search-empty.sh.pipeout
+ PTY_PID=28706
+ + read PTS_DEVICEexec
 ./pseudotty t/search-empty.sh.pipeout
./pseudotty: getting pty master fd
./pseudotty: unlocking slave device
./pseudotty: getting file name of slave device...
./pseudotty: /dev/pts/5
./pseudotty: opening slave device
./pseudotty: attempting to set window size
./pseudotty: ...succeeded
./pseudotty: opening control channel
./pseudotty: + entering main loop
exec
+ LIBC_FATAL_STDERR_=1
+ export LIBC_FATAL_STDERR
+ run_ginfo -f intera
+ rm -f t/search-empty.sh.finished
+ mkfifo t/search-empty.sh.finished
+ SUBSHELL=28709
+ exec
+ exec+ 
exec
+ + exec./ginfo
 --init-file+  ./t/Infokey-configfindprog -f pgrep intera

+ saveIFS= 	

+ IFS=:
+ IFS= 	

+ test -f /usr/local/bin/pgrep
+ test -f /usr/local/bin/pgrep.exe
+ IFS= 	

+ test -f /usr/bin/pgrep
+ test -x /usr/bin/pgrep
+ return 0
+ echo Fetching PID of ginfo process under test...
Fetching PID of ginfo process under test...
+ GINFO_PID=
+ pgrep -P 28709 ginfo
info: "./t/Infokey-config", line 2: unknown action `xxx-not-recognized'
info: "./t/Infokey-config", line 3: cannot bind key sequence to menu-digit
+ test 0 -eq 0
+ GINFO_PID=28710
+ test 0 -eq 99
+ echo 28710
+ wc -l
+ grep ^0$\|^1$
+ + echogrep 28710 -v
 ^[0-9]*$
+ test 1 -eq 0
+ echo 28710
+ tr -d \n
+ GINFO_PID=28710
+ test 28710 = 
+ break
+ test 28710 = 
+ echo ...28710
...28710
+ printf s\rq
+ ../pseudotty:  ./t/Timeout-test.inctrying to read

./pseudotty: read byte 0x73
+ TIMED_OUT=
./pseudotty: trying to read
+ ./pseudotty: status=0read byte 0x0D

./pseudotty: trying to read
./pseudotty: read byte 0x71
+ read -t 0
./t/search-empty.sh: 26: read: Illegal option -t
+ test 2 != 2
+ exit 1
+ test 1 != 0
+ status=2
+ test 2 != 2
+ test 2 != 2
+ RETVAL=0
+ test 0 -eq 0+ 
test 2 = 1
+ echo+  finishedtest
 2 != 0 -a 2 -le 128
+ rm -f t/search-empty.sh.finished
+ echo read -t not supported - test skipped
read -t not supported - test skipped
+ RETVAL=77
+ cleanup
+ test 28706 -ne 0
+ kill 28706
+ test 28709 -ne 0
+ kill 28709
./t/search-empty.sh: 74: kill: No such process

+ rm -f t/search-empty.sh.out
+ rm -f t/search-empty.sh.pipein t/search-empty.sh.pipeout
+ rm -f t/search-empty.sh.finished
+ test yes = yes
+ stty
+ grep [-]echo
stty: 'standard input': Inappropriate ioctl for device
+ test -n 
+ exit 77
SKIP t/search-empty.sh (exit status: 77)
