+ srcdir=.
+ GINFO=./ginfo --init-file ./t/Infokey-config
+ GINFO_NAME=ginfo
+ infodir=./t/infodir
+ export infodir
+ INFOPATH=./t/infodir
+ export INFOPATH
+ t=./t
+ export t
+ basename ./t/spec-menu.sh.out
+ GINFO_OUTPUT=t/spec-menu.sh.out
+ basename ./t/spec-menu.sh.pipein
+ PIPEIN=t/spec-menu.sh.pipein
+ basename ./t/spec-menu.sh.pipeout
+ PTY_TYPE=t/spec-menu.sh.pipeout
+ rm -f t/spec-menu.sh.out
+ INFO_PRINT_COMMAND=>t/spec-menu.sh.out
+ export INFO_PRINT_COMMAND
+ PTY_PID=0
+ SUBSHELL=0
+ LC_ALL=C
+ export LC_ALL
+ TERM=dumb
+ export TERM
+ STTY=true
+ reset_required=no
+ trap cleanup 2
+ ./ginfo --init-file ./t/Infokey-config (file-menu)Node 1 Node 2 Node 3
info: "./t/Infokey-config", line 2: unknown action `xxx-not-recognized'
info: "./t/Infokey-config", line 3: cannot bind key sequence to menu-digit
+ grep Arrived at Node 3.
Arrived at Node 3.
PASS t/spec-menu.sh (exit status: 0)
