+ srcdir=.
+ GINFO=./ginfo --init-file ./t/Infokey-config
+ GINFO_NAME=ginfo
+ infodir=./t/infodir
+ export infodir
+ INFOPATH=./t/infodir
+ export INFOPATH
+ t=./t
+ export t
+ basename ./t/split-file-menu.sh.out
+ GINFO_OUTPUT=t/split-file-menu.sh.out
+ basename ./t/split-file-menu.sh.pipein
+ PIPEIN=t/split-file-menu.sh.pipein
+ basename ./t/split-file-menu.sh.pipeout
+ PTY_TYPE=t/split-file-menu.sh.pipeout
+ rm -f t/split-file-menu.sh.out
+ INFO_PRINT_COMMAND=>t/split-file-menu.sh.out
+ export INFO_PRINT_COMMAND
+ PTY_PID=0
+ SUBSHELL=0
+ LC_ALL=C
+ export LC_ALL
+ TERM=dumb
+ export TERM
+ STTY=true
+ reset_required=no
+ trap cleanup 2
+ . ./t/Init-inter.inc
+ test -x pseudotty
+ path_sep=:
+ TERM=vt100
+ export TERM
+ basename ./t/split-file-menu.sh.finished
+ FINISHEDFIFO=t/split-file-menu.sh.finished
+ findprog stty
+ saveIFS= 	

+ IFS=:
+ IFS= 	

+ test -f /usr/local/bin/stty
+ test -f /usr/local/bin/stty.exe
+ IFS= 	

+ test -f /usr/bin/stty
+ test -f /usr/bin/stty.exe
+ IFS= 	

+ test -f /bin/stty
+ test -x /bin/stty
+ return 0
+ STTY=stty
+ reset_required=yes
+ test yes=yes
+ stty
+ grep [-]echo
stty: 'standard input': Inappropriate ioctl for device
+ rm -f t/split-file-menu.sh.pipein t/split-file-menu.sh.pipeout
+ findprog mkfifo
+ saveIFS= 	

+ IFS=:
+ IFS= 	

+ test -f /usr/local/bin/mkfifo
+ test -f /usr/local/bin/mkfifo.exe
+ IFS= 	

+ test -f /usr/bin/mkfifo
+ test -x /usr/bin/mkfifo
+ return 0
+ mkfifo t/split-file-menu.sh.pipein
+ mkfifo t/split-file-menu.sh.pipeout
+ test ! -r t/split-file-menu.sh.pipein
+ test ! -r t/split-file-menu.sh.pipeout
+ PTY_PID=28094
+ read PTS_DEVICE
+ exec ./pseudotty t/split-file-menu.sh.pipeout
./pseudotty: getting pty master fd
./pseudotty: unlocking slave device
./pseudotty: getting file name of slave device...
./pseudotty: /dev/pts/2
./pseudotty: opening slave device
./pseudotty: attempting to set window size
./pseudotty: ...succeeded
./pseudotty: opening control channel
+ exec
+ LIBC_FATAL_STDERR_=1
+ export LIBC_FATAL_STDERR
+ run_ginfo -f split Second
+ rm -f t/split-file-menu.sh.finished
./pseudotty: entering main loop
+ mkfifo t/split-file-menu.sh.finished
+ SUBSHELL=28104
+ exec
+ exec
+ exec
+ findprog pgrep
+ saveIFS= 	

+ IFS=:
+ IFS= 	

+ test -f /usr/local/bin/pgrep
+ test -f /usr/local/bin/pgrep.exe
+ IFS= 	

+ test -f /usr/bin/pgrep
+ test -x /usr/bin/pgrep
+ return 0
+ echo Fetching PID of ginfo process under test...
Fetching PID of ginfo process under test...
+ GINFO_PID=
+ exec
+ ./ginfo --init-file ./t/Infokey-config -f split Second
+ pgrep -P 28104 ginfo
info: "./t/Infokey-config", line 2: unknown action `xxx-not-recognized'
info: "./t/Infokey-config", line 3: cannot bind key sequence to menu-digit
+ test 0 -eq 0
+ GINFO_PID=28107
+ test 0 -eq 99
+ wc -l
+ echo 28107
+ grep ^0$\|^1$
+ echo 28107
+ grep -v ^[0-9]*$
+ test 1 -eq 0
+ + trecho -d 28107 \n

+ GINFO_PID=28107
+ test 28107 = 
+ break
+ test 28107 = 
+ echo ...28107
...28107
+ printf tDq
+ . ./t/Timeout-test.inc
+ TIMED_OUT=
+ status=0
./pseudotty: trying to read
./pseudotty: read byte 0x74
./pseudotty: trying to read
./pseudotty: read byte 0x44
./pseudotty: trying to read
./pseudotty: read byte 0x71
+ read -t 0
./t/split-file-menu.sh: 26: read: Illegal option -t
+ test 2 != 2
+ exit 1
+ test 0 -eq 0
+ echo finished
+ test 1 != 0
+ status=2
+ test 2 != 2
+ test 2 != 2
+ RETVAL=0
+ test 2 = 1
+ test 2 != 0 -a 2 -le 128
+ rm -f t/split-file-menu.sh.finished
+ echo read -t not supported - test skipped
read -t not supported - test skipped
+ RETVAL=77
+ cleanup
+ test 28094 -ne 0
+ kill 28094
+ test 28104 -ne 0
+ kill 28104
./t/split-file-menu.sh: 74: kill: No such process

+ rm -f t/split-file-menu.sh.out
+ rm -f t/split-file-menu.sh.pipein t/split-file-menu.sh.pipeout
+ rm -f t/split-file-menu.sh.finished
+ test yes = yes
+ stty
stty: 'standard input': Inappropriate ioctl for device
+ grep [-]echo
+ test -n 
+ exit 77
SKIP t/split-file-menu.sh (exit status: 77)
