+ srcdir=.
+ GINFO=./ginfo --init-file ./t/Infokey-config
+ GINFO_NAME=ginfo
+ infodir=./t/infodir
+ export infodir
+ INFOPATH=./t/infodir
+ export INFOPATH
+ t=./t
+ export t
+ basename ./t/split.sh.out
+ GINFO_OUTPUT=t/split.sh.out
+ basename ./t/split.sh.pipein
+ PIPEIN=t/split.sh.pipein
+ basename ./t/split.sh.pipeout
+ PTY_TYPE=t/split.sh.pipeout
+ rm -f t/split.sh.out
+ INFO_PRINT_COMMAND=>t/split.sh.out
+ export INFO_PRINT_COMMAND
+ PTY_PID=0
+ SUBSHELL=0
+ LC_ALL=C
+ export LC_ALL
+ TERM=dumb
+ export TERM
+ STTY=true
+ reset_required=no
+ trap cleanup 2
+ grep ^File: split.info,
+ ./ginfo --init-file ./t/Infokey-config -f split
info: "./t/Infokey-config", line 2: unknown action `xxx-not-recognized'
info: "./t/Infokey-config", line 3: cannot bind key sequence to menu-digit
File: split.info,  Node: Top,  Next: Second
File: split.info,  Node: Second
PASS t/split.sh (exit status: 0)
