+ srcdir=.
+ GINFO=./ginfo --init-file ./t/Infokey-config
+ GINFO_NAME=ginfo
+ infodir=./t/infodir
+ export infodir
+ INFOPATH=./t/infodir
+ export INFOPATH
+ t=./t
+ export t
+ basename ./t/split-index.sh.out
+ GINFO_OUTPUT=t/split-index.sh.out
+ basename ./t/split-index.sh.pipein
+ PIPEIN=t/split-index.sh.pipein
+ basename ./t/split-index.sh.pipeout
+ PTY_TYPE=t/split-index.sh.pipeout
+ rm -f t/split-index.sh.out
+ INFO_PRINT_COMMAND=>t/split-index.sh.out
+ export INFO_PRINT_COMMAND
+ PTY_PID=0
+ SUBSHELL=0
+ LC_ALL=C
+ export LC_ALL
+ TERM=dumb
+ export TERM
+ STTY=true
+ reset_required=no
+ trap cleanup 2
+ . ./t/Init-inter.inc
+ test -x pseudotty
+ path_sep=:
+ TERM=vt100
+ export TERM
+ basename ./t/split-index.sh.finished
+ FINISHEDFIFO=t/split-index.sh.finished
+ findprog stty
+ saveIFS= 	

+ IFS=:
+ IFS= 	

+ test -f /usr/local/bin/stty
+ test -f /usr/local/bin/stty.exe
+ IFS= 	

+ test -f /usr/bin/stty
+ test -f /usr/bin/stty.exe
+ IFS= 	

+ test -f /bin/stty
+ test -x /bin/stty
+ return 0
+ STTY=stty
+ reset_required=yes
+ test yes=yes
+ stty
stty: 'standard input': Inappropriate ioctl for device
+ grep [-]echo
+ rm -f t/split-index.sh.pipein t/split-index.sh.pipeout
+ findprog mkfifo
+ saveIFS= 	

+ IFS=:
+ IFS= 	

+ test -f /usr/local/bin/mkfifo
+ test -f /usr/local/bin/mkfifo.exe
+ IFS= 	

+ test -f /usr/bin/mkfifo
+ test -x /usr/bin/mkfifo
+ return 0
+ mkfifo t/split-index.sh.pipein
+ mkfifo t/split-index.sh.pipeout
+ test ! -r t/split-index.sh.pipein
+ test ! -r t/split-index.sh.pipeout
+ PTY_PID=28376
+ + read PTS_DEVICEexec
 ./pseudotty t/split-index.sh.pipeout
./pseudotty: getting pty master fd
./pseudotty: unlocking slave device
./pseudotty: getting file name of slave device...
./pseudotty: /dev/pts/5
./pseudotty: opening slave device
./pseudotty: attempting to set window size
./pseudotty: ...succeeded
./pseudotty: opening control channel
./pseudotty: entering main loop
+ exec
+ LIBC_FATAL_STDERR_=1
+ export LIBC_FATAL_STDERR
+ run_ginfo -f split
+ rm -f t/split-index.sh.finished
+ mkfifo t/split-index.sh.finished
+ SUBSHELL=28383
+ exec
+ exec+ 
exec
+ + ./ginfoexec --init-file
 ./t/Infokey-config -f+  splitfindprog
 pgrep
+ saveIFS= 	

+ IFS=:
+ IFS= 	

+ test -f /usr/local/bin/pgrep
+ test -f /usr/local/bin/pgrep.exe
+ IFS= 	

+ test -f /usr/bin/pgrep
+ test -x /usr/bin/pgrep
+ return 0
+ echo Fetching PID of ginfo process under test...
Fetching PID of ginfo process under test...
+ GINFO_PID=
+ pgrep -P 28383 ginfo
info: "./t/Infokey-config", line 2: unknown action `xxx-not-recognized'
info: "./t/Infokey-config", line 3: cannot bind key sequence to menu-digit
+ test 0 -eq 0
+ GINFO_PID=28385
+ test 0 -eq 99
+ wc -l
+ grep ^0$\|^1$
+ echo 28385
+ echo 28385
+ grep -v ^[0-9]*$
+ test 1 -eq 0
+ echo 28385
+ tr -d \n
+ GINFO_PID=28385
+ test 28385 = 
+ break
+ test 28385 = 
+ echo ...28385
...28385
+ printf ientry text\r\rDq
+ ./pseudotty: .trying to read ./t/Timeout-test.inc

./pseudotty: read byte 0x69
+ ./pseudotty: TIMED_OUT=trying to read

./pseudotty: read byte 0x65+ 
status=0
./pseudotty: trying to read
./pseudotty: read byte 0x6E
./pseudotty: trying to read
./pseudotty: read byte 0x74
./pseudotty: trying to read
./pseudotty: read byte 0x72
./pseudotty: trying to read
./pseudotty: read byte 0x79
./pseudotty: trying to read
./pseudotty: read byte 0x20
./pseudotty: trying to read
./pseudotty: read byte 0x74
./pseudotty: trying to read
./pseudotty: read byte 0x65
./pseudotty: trying to read
./pseudotty: read byte 0x78
./pseudotty: trying to read
./pseudotty: read byte 0x74
./pseudotty: trying to read
./pseudotty: read byte 0x0D
./pseudotty: trying to read
./pseudotty: read byte 0x0D
./pseudotty: trying to read
./pseudotty: read byte 0x44
./pseudotty: trying to read
./pseudotty: read byte 0x71
+ read -t 0
./t/split-index.sh: 26: read: Illegal option -t
+ test 2 != 2
+ exit 1
+ test 1 != 0
+ status=2
+ test 2 != 2
+ test 2 != 2
+ RETVAL=0
+ test 2 = 1
+ test 2 != 0 -a 2 -le 128
+ rm -f t/split-index.sh.finished
+ test 0 -eq 0
+ echo finished
+ echo read -t not supported - test skipped
read -t not supported - test skipped
+ RETVAL=77
+ cleanup
+ test 28376 -ne 0
+ kill 28376
+ test 28383 -ne 0
+ kill 28383
./t/split-index.sh: 74: kill: No such process

+ rm -f t/split-index.sh.out
+ rm -f t/split-index.sh.pipein t/split-index.sh.pipeout
+ rm -f t/split-index.sh.finished
+ test yes = yes
+ stty
+ grep [-]echo
stty: 'standard input': Inappropriate ioctl for device
+ test -n 
+ exit 77
SKIP t/split-index.sh (exit status: 77)
