+ srcdir=.
+ GINFO=./ginfo --init-file ./t/Infokey-config
+ GINFO_NAME=ginfo
+ infodir=./t/infodir
+ export infodir
+ INFOPATH=./t/infodir
+ export INFOPATH
+ t=./t
+ export t
+ basename ./t/star-note-non-whitespace.sh.out
+ GINFO_OUTPUT=t/star-note-non-whitespace.sh.out
+ basename ./t/star-note-non-whitespace.sh.pipein
+ PIPEIN=t/star-note-non-whitespace.sh.pipein
+ basename ./t/star-note-non-whitespace.sh.pipeout
+ PTY_TYPE=t/star-note-non-whitespace.sh.pipeout
+ rm -f t/star-note-non-whitespace.sh.out
+ INFO_PRINT_COMMAND=>t/star-note-non-whitespace.sh.out
+ export INFO_PRINT_COMMAND
+ PTY_PID=0
+ SUBSHELL=0
+ LC_ALL=C
+ export LC_ALL
+ TERM=dumb
+ export TERM
+ STTY=true
+ reset_required=no
+ trap cleanup 2
+ . ./t/Init-inter.inc
+ test -x pseudotty
+ path_sep=:
+ TERM=vt100
+ export TERM
+ basename ./t/star-note-non-whitespace.sh.finished
+ FINISHEDFIFO=t/star-note-non-whitespace.sh.finished
+ findprog stty
+ saveIFS= 	

+ IFS=:
+ IFS= 	

+ test -f /usr/local/bin/stty
+ test -f /usr/local/bin/stty.exe
+ IFS= 	

+ test -f /usr/bin/stty
+ test -f /usr/bin/stty.exe
+ IFS= 	

+ test -f /bin/stty
+ test -x /bin/stty
+ return 0
+ STTY=stty
+ reset_required=yes
+ test yes=yes
+ stty
stty: 'standard input': Inappropriate ioctl for device
+ grep [-]echo
+ rm -f t/star-note-non-whitespace.sh.pipein t/star-note-non-whitespace.sh.pipeout
+ findprog mkfifo
+ saveIFS= 	

+ IFS=:
+ IFS= 	

+ test -f /usr/local/bin/mkfifo
+ test -f /usr/local/bin/mkfifo.exe
+ IFS= 	

+ test -f /usr/bin/mkfifo
+ test -x /usr/bin/mkfifo
+ return 0
+ mkfifo t/star-note-non-whitespace.sh.pipein
+ mkfifo t/star-note-non-whitespace.sh.pipeout
+ test ! -r t/star-note-non-whitespace.sh.pipein
+ test ! -r t/star-note-non-whitespace.sh.pipeout
+ PTY_PID=27712
+ + read PTS_DEVICEexec
 ./pseudotty t/star-note-non-whitespace.sh.pipeout
./pseudotty: getting pty master fd
./pseudotty: unlocking slave device
./pseudotty: getting file name of slave device...
./pseudotty: /dev/pts/3
./pseudotty: opening slave device
./pseudotty: attempting to set window size
./pseudotty: ...succeeded
./pseudotty: opening control channel
+ exec
+ LIBC_FATAL_STDERR_=1
+ export LIBC_FATAL_STDERR
+ run_ginfo -f intera -n Star note non-whitespace
+ rm -f t/star-note-non-whitespace.sh.finished
./pseudotty: entering main loop
+ mkfifo t/star-note-non-whitespace.sh.finished
+ SUBSHELL=27722
+ exec
+ exec
+ ./ginfo --init-file ./t/Infokey-config -f intera -n Star note non-whitespace
+ exec
+ exec
+ findprog pgrep
+ saveIFS= 	

+ IFS=:
+ IFS= 	

+ test -f /usr/local/bin/pgrep
+ test -f /usr/local/bin/pgrep.exe
+ IFS= 	

+ test -f /usr/bin/pgrep
+ test -x /usr/bin/pgrep
+ return 0
+ echo Fetching PID of ginfo process under test...
Fetching PID of ginfo process under test...
+ GINFO_PID=
+ pgrep -P 27722 ginfo
info: "./t/Infokey-config", line 2: unknown action `xxx-not-recognized'
info: "./t/Infokey-config", line 3: cannot bind key sequence to menu-digit
+ test 0 -eq 0
+ GINFO_PID=27724
+ test 0 -eq 99
+ echo 27724
+ grep ^0$\|^1$
+ wc -l
+ grep -v ^[0-9]*$
+ echo 27724
+ test 1 -eq 0
+ echo 27724
+ tr -d \n
+ GINFO_PID=27724
+ test 27724 = 
+ break
+ test 27724 = 
+ echo ...27724
...27724
+ printf \t\rDq
+ . ./t/Timeout-test.inc
+ TIMED_OUT=
+ status=0
./pseudotty: trying to read
./pseudotty: read byte 0x09
./pseudotty: trying to read
./pseudotty: read byte 0x0D
./pseudotty: trying to read
./pseudotty: read byte 0x44
./pseudotty: trying to read
./pseudotty: read byte 0x71
+ read -t 0
./t/star-note-non-whitespace.sh: 26: read: Illegal option -t
+ test 2 != 2
+ exit 1
+ test 1 != 0
+ status=2
+ test 2 != 2
+ test 2 != 2
+ RETVAL=0
+ test 2 = 1
+ test 2 != 0 -a 2 -le 128
+ rm -f t/star-note-non-whitespace.sh.finished
+ echo read -t not supported - test skipped
read -t not supported - test skipped
+ RETVAL=77
+ cleanup
+ test 27712 -ne 0
+ kill 27712
+ test 27722 -ne 0
+ kill 27722
+ rm -f t/star-note-non-whitespace.sh.out
+ rm -f t/star-note-non-whitespace.sh.pipein t/star-note-non-whitespace.sh.pipeout
+ rm -f t/star-note-non-whitespace.sh.finished
+ test yes = yes
+ stty
stty: 'standard input': Inappropriate ioctl for device
+ grep [-]echo
+ test -n 
+ exit 77
SKIP t/star-note-non-whitespace.sh (exit status: 77)
