+ srcdir=.
+ GINFO=./ginfo --init-file ./t/Infokey-config
+ GINFO_NAME=ginfo
+ infodir=./t/infodir
+ export infodir
+ INFOPATH=./t/infodir
+ export INFOPATH
+ t=./t
+ export t
+ basename ./t/tab-argument.sh.out
+ GINFO_OUTPUT=t/tab-argument.sh.out
+ basename ./t/tab-argument.sh.pipein
+ PIPEIN=t/tab-argument.sh.pipein
+ basename ./t/tab-argument.sh.pipeout
+ PTY_TYPE=t/tab-argument.sh.pipeout
+ rm -f t/tab-argument.sh.out
+ INFO_PRINT_COMMAND=>t/tab-argument.sh.out
+ export INFO_PRINT_COMMAND
+ PTY_PID=0
+ SUBSHELL=0
+ LC_ALL=C
+ export LC_ALL
+ TERM=dumb
+ export TERM
+ STTY=true
+ reset_required=no
+ trap cleanup 2
+ . ./t/Init-inter.inc
+ test -x pseudotty
+ path_sep=:
+ TERM=vt100
+ export TERM
+ basename ./t/tab-argument.sh.finished
+ FINISHEDFIFO=t/tab-argument.sh.finished
+ findprog stty
+ saveIFS= 	

+ IFS=:
+ IFS= 	

+ test -f /usr/local/bin/stty
+ test -f /usr/local/bin/stty.exe
+ IFS= 	

+ test -f /usr/bin/stty
+ test -f /usr/bin/stty.exe
+ IFS= 	

+ test -f /bin/stty
+ test -x /bin/stty
+ return 0
+ STTY=stty
+ reset_required=yes
+ test yes=yes
+ stty
+ grep [-]echo
-echo
+ reset_required=no
+ rm -f t/tab-argument.sh.pipein t/tab-argument.sh.pipeout
+ findprog mkfifo
+ saveIFS= 	

+ IFS=:
+ IFS= 	

+ test -f /usr/local/bin/mkfifo
+ test -f /usr/local/bin/mkfifo.exe
+ IFS= 	

+ test -f /usr/bin/mkfifo
+ test -x /usr/bin/mkfifo
+ return 0
+ mkfifo t/tab-argument.sh.pipein
+ mkfifo t/tab-argument.sh.pipeout
+ test ! -r t/tab-argument.sh.pipein
+ test ! -r t/tab-argument.sh.pipeout
+ PTY_PID=27414
+ + readexec PTS_DEVICE ./pseudotty
 t/tab-argument.sh.pipeout
./pseudotty: getting pty master fd
./pseudotty: unlocking slave device
./pseudotty: getting file name of slave device...
./pseudotty: /dev/pts/2
./pseudotty: opening slave device
./pseudotty: attempting to set window size
./pseudotty: ...succeeded
./pseudotty: opening control channel
+ exec
+ LIBC_FATAL_STDERR_=1
+ export LIBC_FATAL_STDERR
+ run_ginfo -f intera -n Argument to tab
+ rm -f t/tab-argument.sh.finished
./pseudotty: entering main loop
+ mkfifo t/tab-argument.sh.finished
+ SUBSHELL=27423
+ exec
+ exec+ 
exec
+ ./ginfo --init-file ./t/Infokey-config -f intera+  -nexec Argument to tab

+ findprog pgrep
+ saveIFS= 	

+ IFS=:
+ IFS= 	

+ test -f /usr/local/bin/pgrep
+ test -f /usr/local/bin/pgrep.exe
+ IFS= 	

+ test -f /usr/bin/pgrep
+ test -x /usr/bin/pgrep
+ return 0
+ echo Fetching PID of ginfo process under test...
Fetching PID of ginfo process under test...
+ GINFO_PID=
+ pgrep -P 27423 ginfo
info: "./t/Infokey-config", line 2: unknown action `xxx-not-recognized'
info: "./t/Infokey-config", line 3: cannot bind key sequence to menu-digit
+ test 0 -eq 0
+ GINFO_PID=27424
+ test 0 -eq 99
+ echo 27424
+ wc -l
+ grep ^0$\|^1$
+ grep -v ^[0-9]*$
+ echo 27424
+ test 1 -eq 0
+ echo 27424
+ tr -d \n
+ GINFO_PID=27424
+ test 27424 = 
+ break
+ test 27424 = 
+ echo ...27424
...27424
+ printf \0252\t\rDq
+ . ./t/Timeout-test.inc
+ TIMED_OUT=
+ status=0
./pseudotty: trying to read
./pseudotty: read byte 0x15
./pseudotty: trying to read
./pseudotty: read byte 0x32
./pseudotty: trying to read
./pseudotty: read byte 0x09
./pseudotty: trying to read
./pseudotty: read byte 0x0D
./pseudotty: trying to read
./pseudotty: read byte 0x44
./pseudotty: trying to read
./pseudotty: read byte 0x71
+ read -t 0
./t/tab-argument.sh: 26: read: Illegal option -t
+ test 2 != 2
+ exit 1
+ test 0 -eq 0
+ echo finished
+ test 1 != 0
+ status=2
+ test 2 != 2
+ test 2 != 2
+ RETVAL=0
+ test 2 = 1
+ test 2 != 0 -a 2 -le 128
+ rm -f t/tab-argument.sh.finished
+ echo read -t not supported - test skipped
read -t not supported - test skipped
+ RETVAL=77
+ cleanup
+ test 27414 -ne 0
+ kill 27414
+ test 27423 -ne 0
+ kill 27423
./t/tab-argument.sh: 74: kill: No such process

+ rm -f t/tab-argument.sh.out
+ rm -f t/tab-argument.sh.pipein t/tab-argument.sh.pipeout
+ rm -f t/tab-argument.sh.finished
+ test no = yes
+ test -n 
+ exit 77
SKIP t/tab-argument.sh (exit status: 77)
