+ srcdir=.
+ GINFO=./ginfo --init-file ./t/Infokey-config
+ GINFO_NAME=ginfo
+ infodir=./t/infodir
+ export infodir
+ INFOPATH=./t/infodir
+ export INFOPATH
+ t=./t
+ export t
+ basename ./t/tab.sh.out
+ GINFO_OUTPUT=t/tab.sh.out
+ basename ./t/tab.sh.pipein
+ PIPEIN=t/tab.sh.pipein
+ basename ./t/tab.sh.pipeout
+ PTY_TYPE=t/tab.sh.pipeout
+ rm -f t/tab.sh.out
+ INFO_PRINT_COMMAND=>t/tab.sh.out
+ export INFO_PRINT_COMMAND
+ PTY_PID=0
+ SUBSHELL=0
+ LC_ALL=C
+ export LC_ALL
+ TERM=dumb
+ export TERM
+ STTY=true
+ reset_required=no
+ trap cleanup 2
+ . ./t/Init-inter.inc
+ test -x pseudotty
+ path_sep=:
+ TERM=vt100
+ export TERM
+ basename ./t/tab.sh.finished
+ FINISHEDFIFO=t/tab.sh.finished
+ findprog stty
+ saveIFS= 	

+ IFS=:
+ IFS= 	

+ test -f /usr/local/bin/stty
+ test -f /usr/local/bin/stty.exe
+ IFS= 	

+ test -f /usr/bin/stty
+ test -f /usr/bin/stty.exe
+ IFS= 	

+ test -f /bin/stty
+ test -x /bin/stty
+ return 0
+ STTY=stty
+ reset_required=yes
+ test yes=yes
+ stty
+ grep [-]echo
stty: 'standard input': Inappropriate ioctl for device
+ rm -f t/tab.sh.pipein t/tab.sh.pipeout
+ findprog mkfifo
+ saveIFS= 	

+ IFS=:
+ IFS= 	

+ test -f /usr/local/bin/mkfifo
+ test -f /usr/local/bin/mkfifo.exe
+ IFS= 	

+ test -f /usr/bin/mkfifo
+ test -x /usr/bin/mkfifo
+ return 0
+ mkfifo t/tab.sh.pipein
+ mkfifo t/tab.sh.pipeout
+ test ! -r t/tab.sh.pipein
+ test ! -r t/tab.sh.pipeout
+ PTY_PID=27416
+ + read PTS_DEVICEexec
 ./pseudotty t/tab.sh.pipeout
./pseudotty: getting pty master fd
./pseudotty: unlocking slave device
./pseudotty: getting file name of slave device...
./pseudotty: /dev/pts/5
./pseudotty: opening slave device
./pseudotty: attempting to set window size
./pseudotty: ...succeeded
./pseudotty: opening control channel
+ exec
+ LIBC_FATAL_STDERR_=1
+ export LIBC_FATAL_STDERR
+ run_ginfo -f intera
+ rm -f t/tab.sh.finished
./pseudotty: entering main loop
+ mkfifo t/tab.sh.finished
+ SUBSHELL=27425
+ exec
+ exec+ 
exec
+ + ./ginfoexec --init-file
 ./t/Infokey-config+  -ffindprog intera pgrep

+ saveIFS= 	

+ IFS=:
+ IFS= 	

+ test -f /usr/local/bin/pgrep
+ test -f /usr/local/bin/pgrep.exe
+ IFS= 	

+ test -f /usr/bin/pgrep
+ test -x /usr/bin/pgrep
+ return 0
+ echo Fetching PID of ginfo process under test...
Fetching PID of ginfo process under test...
+ GINFO_PID=
+ pgrep -P 27425 ginfo
info: "./t/Infokey-config", line 2: unknown action `xxx-not-recognized'
info: "./t/Infokey-config", line 3: cannot bind key sequence to menu-digit
+ test 0 -eq 0
+ GINFO_PID=27427
+ test 0 -eq 99
+ echo 27427
+ grep ^0$\|^1$
+ wc -l
+ echo 27427
+ grep -v ^[0-9]*$
+ test 1 -eq 0
+ echo 27427+ 
tr -d \n
+ GINFO_PID=27427
+ test 27427 = 
+ break
+ test 27427 = 
+ echo ...27427
...27427
+ printf \t\rDq
+ . ./t/Timeout-test.inc
+ TIMED_OUT=
+ status=0
./pseudotty: trying to read
./pseudotty: read byte 0x09
./pseudotty: trying to read
./pseudotty: read byte 0x0D
./pseudotty: trying to read
./pseudotty: read byte 0x44
./pseudotty: trying to read
./pseudotty: read byte 0x71
+ read -t 0
./t/tab.sh: 26: read: Illegal option -t
+ test 2 != 2
+ exit 1
+ test 0 -eq 0
+ test 1+  !=echo 0 finished

+ status=2
+ test 2 != 2
+ test 2 != 2
+ RETVAL=0
+ test 2 = 1
+ test 2 != 0 -a 2 -le 128
+ rm -f t/tab.sh.finished
+ echo read -t not supported - test skipped
read -t not supported - test skipped
+ RETVAL=77
+ cleanup
+ test 27416 -ne 0
+ kill 27416
+ test 27425 -ne 0
+ kill 27425
./t/tab.sh: 74: kill: No such process

+ rm -f t/tab.sh.out
+ rm -f t/tab.sh.pipein t/tab.sh.pipeout
+ rm -f t/tab.sh.finished
+ test yes = yes
+ stty
+ grep [-]echo
stty: 'standard input': Inappropriate ioctl for device
+ test -n 
+ exit 77
SKIP t/tab.sh (exit status: 77)
