+ srcdir=.
+ GINFO=./ginfo --init-file ./t/Infokey-config
+ GINFO_NAME=ginfo
+ infodir=./t/infodir
+ export infodir
+ INFOPATH=./t/infodir
+ export INFOPATH
+ t=./t
+ export t
+ basename ./t/where-dir-file.sh.out
+ GINFO_OUTPUT=t/where-dir-file.sh.out
+ basename ./t/where-dir-file.sh.pipein
+ PIPEIN=t/where-dir-file.sh.pipein
+ basename ./t/where-dir-file.sh.pipeout
+ PTY_TYPE=t/where-dir-file.sh.pipeout
+ rm -f t/where-dir-file.sh.out
+ INFO_PRINT_COMMAND=>t/where-dir-file.sh.out
+ export INFO_PRINT_COMMAND
+ PTY_PID=0
+ SUBSHELL=0
+ LC_ALL=C
+ export LC_ALL
+ TERM=dumb
+ export TERM
+ STTY=true
+ reset_required=no
+ trap cleanup 2
+ ./ginfo --init-file ./t/Infokey-config --where file1
info: "./t/Infokey-config", line 2: unknown action `xxx-not-recognized'
info: "./t/Infokey-config", line 3: cannot bind key sequence to menu-digit
+ grep t/infodir/file1.info$
././t/infodir/file1.info
PASS t/where-dir-file.sh (exit status: 0)
