+ srcdir=.
+ GINFO=./ginfo --init-file ./t/Infokey-config
+ GINFO_NAME=ginfo
+ infodir=./t/infodir
+ export infodir
+ INFOPATH=./t/infodir
+ export INFOPATH
+ t=./t
+ export t
+ basename ./t/window-split-dir.sh.out
+ GINFO_OUTPUT=t/window-split-dir.sh.out
+ basename ./t/window-split-dir.sh.pipein
+ PIPEIN=t/window-split-dir.sh.pipein
+ basename ./t/window-split-dir.sh.pipeout
+ PTY_TYPE=t/window-split-dir.sh.pipeout
+ rm -f t/window-split-dir.sh.out
+ INFO_PRINT_COMMAND=>t/window-split-dir.sh.out
+ export INFO_PRINT_COMMAND
+ PTY_PID=0
+ SUBSHELL=0
+ LC_ALL=C
+ export LC_ALL
+ TERM=dumb
+ export TERM
+ STTY=true
+ reset_required=no
+ trap cleanup 2
+ . ./t/Init-inter.inc
+ test -x pseudotty
+ path_sep=:
+ TERM=vt100
+ export TERM
+ basename ./t/window-split-dir.sh.finished
+ FINISHEDFIFO=t/window-split-dir.sh.finished
+ findprog stty
+ saveIFS= 	

+ IFS=:
+ IFS= 	

+ test -f /usr/local/bin/stty
+ test -f /usr/local/bin/stty.exe
+ IFS= 	

+ test -f /usr/bin/stty
+ test -f /usr/bin/stty.exe
+ IFS= 	

+ test -f /bin/stty
+ test -x /bin/stty
+ return 0
+ STTY=stty
+ reset_required=yes
+ test yes=yes
+ stty
stty: 'standard input': Inappropriate ioctl for device
+ grep [-]echo
+ rm -f t/window-split-dir.sh.pipein t/window-split-dir.sh.pipeout
+ findprog mkfifo
+ saveIFS= 	

+ IFS=:
+ IFS= 	

+ test -f /usr/local/bin/mkfifo
+ test -f /usr/local/bin/mkfifo.exe
+ IFS= 	

+ test -f /usr/bin/mkfifo
+ test -x /usr/bin/mkfifo
+ return 0
+ mkfifo t/window-split-dir.sh.pipein
+ mkfifo t/window-split-dir.sh.pipeout
+ test ! -r t/window-split-dir.sh.pipein
+ test ! -r t/window-split-dir.sh.pipeout
+ PTY_PID=27874
+ read PTS_DEVICE
+ exec ./pseudotty t/window-split-dir.sh.pipeout
./pseudotty: getting pty master fd
./pseudotty: unlocking slave device
./pseudotty: getting file name of slave device...
./pseudotty: /dev/pts/5
./pseudotty: opening slave device
./pseudotty: attempting to set window size
./pseudotty: ...succeeded
./pseudotty: opening control channel
+ exec
+ LIBC_FATAL_STDERR_=1
+ export LIBC_FATAL_STDERR
+ run_ginfo
+ rm -f t/window-split-dir.sh.finished
./pseudotty: entering main loop
+ mkfifo t/window-split-dir.sh.finished
+ SUBSHELL=27886
+ exec
+ exec
+ exec
+ findprog pgrep
+ saveIFS= 	

+ IFS=:
+ IFS= 	

+ test -f /usr/local/bin/pgrep
+ test -f /usr/local/bin/pgrep.exe
+ IFS= 	

+ test -f /usr/bin/pgrep
+ test -x /usr/bin/pgrep
+ return 0
+ echo Fetching PID of ginfo process under test...
Fetching PID of ginfo process under test...
+ GINFO_PID=
+ exec
+ ./ginfo --init-file ./t/Infokey-config
+ pgrep -P 27886 ginfo
info: "./t/Infokey-config", line 2: unknown action `xxx-not-recognized'
info: "./t/Infokey-config", line 3: cannot bind key sequence to menu-digit
+ test 0 -eq 0
+ GINFO_PID=27888
+ test 0 -eq 99
+ echo 27888
+ wc -l
+ grep ^0$\|^1$
+ echo 27888
+ grep -v ^[0-9]*$
+ test 1 -eq 0
+ echo 27888
+ tr -d \n
+ GINFO_PID=27888
+ test 27888 = 
+ break
+ test 27888 = 
+ echo ...27888
...27888
+ printf \0302\030o\0301Dq
+ . ./t/Timeout-test.inc
+ TIMED_OUT=
+ status=0
+ read -t 0
./t/window-split-dir.sh: 26: read: Illegal option -t
+ test 2 != 2
+ exit 1
./pseudotty: trying to read
./pseudotty: read byte 0x18
./pseudotty: trying to read
./pseudotty: read byte 0x32
./pseudotty: trying to read
./pseudotty: read byte 0x18
./pseudotty: trying to read
./pseudotty: read byte 0x6F
./pseudotty: trying to read
./pseudotty: read byte 0x18
./pseudotty: trying to read
./pseudotty: read byte 0x31
./pseudotty: trying to read
./pseudotty: read byte 0x44
./pseudotty: trying to read
./pseudotty: read byte 0x71
+ test 1 != 0
+ status=2
+ test 2 != 2
+ test 2 != 2
+ RETVAL=0
+ test 2 = 1
+ test 2 != 0 -a 2 -le 128
+ rm -f t/window-split-dir.sh.finished
+ test 0 -eq 0
+ echo finished
+ echo read -t not supported - test skipped
read -t not supported - test skipped
+ RETVAL=77
+ cleanup
+ test 27874 -ne 0
+ kill 27874
+ test 27886 -ne 0
+ kill 27886
./t/window-split-dir.sh: 74: kill: No such process

+ rm -f t/window-split-dir.sh.out
+ rm -f t/window-split-dir.sh.pipein t/window-split-dir.sh.pipeout
+ rm -f t/window-split-dir.sh.finished
+ test yes = yes
+ grep [-]echo
+ stty
stty: 'standard input': Inappropriate ioctl for device
+ test -n 
+ exit 77
SKIP t/window-split-dir.sh (exit status: 77)
