+ srcdir=.
+ GINFO=./ginfo --init-file ./t/Infokey-config
+ GINFO_NAME=ginfo
+ infodir=./t/infodir
+ export infodir
+ INFOPATH=./t/infodir
+ export INFOPATH
+ t=./t
+ export t
+ basename ./t/xref-across-lines.sh.out
+ GINFO_OUTPUT=t/xref-across-lines.sh.out
+ basename ./t/xref-across-lines.sh.pipein
+ PIPEIN=t/xref-across-lines.sh.pipein
+ basename ./t/xref-across-lines.sh.pipeout
+ PTY_TYPE=t/xref-across-lines.sh.pipeout
+ rm -f t/xref-across-lines.sh.out
+ INFO_PRINT_COMMAND=>t/xref-across-lines.sh.out
+ export INFO_PRINT_COMMAND
+ PTY_PID=0
+ SUBSHELL=0
+ LC_ALL=C
+ export LC_ALL
+ TERM=dumb
+ export TERM
+ STTY=true
+ reset_required=no
+ trap cleanup 2
+ . ./t/Init-inter.inc
+ test -x pseudotty
+ path_sep=:
+ TERM=vt100
+ export TERM
+ basename ./t/xref-across-lines.sh.finished
+ FINISHEDFIFO=t/xref-across-lines.sh.finished
+ findprog stty
+ saveIFS= 	

+ IFS=:
+ IFS= 	

+ test -f /usr/local/bin/stty
+ test -f /usr/local/bin/stty.exe
+ IFS= 	

+ test -f /usr/bin/stty
+ test -f /usr/bin/stty.exe
+ IFS= 	

+ test -f /bin/stty
+ test -x /bin/stty
+ return 0
+ STTY=stty
+ reset_required=yes
+ test yes=yes
+ stty
+ grep [-]echo
stty: 'standard input': Inappropriate ioctl for device
+ rm -f t/xref-across-lines.sh.pipein t/xref-across-lines.sh.pipeout
+ findprog mkfifo
+ saveIFS= 	

+ IFS=:
+ IFS= 	

+ test -f /usr/local/bin/mkfifo
+ test -f /usr/local/bin/mkfifo.exe
+ IFS= 	

+ test -f /usr/bin/mkfifo
+ test -x /usr/bin/mkfifo
+ return 0
+ mkfifo t/xref-across-lines.sh.pipein
+ mkfifo t/xref-across-lines.sh.pipeout
+ test ! -r t/xref-across-lines.sh.pipein
+ test ! -r t/xref-across-lines.sh.pipeout
+ PTY_PID=27551
+ read PTS_DEVICE
+ exec ./pseudotty t/xref-across-lines.sh.pipeout
./pseudotty: getting pty master fd
./pseudotty: unlocking slave device
./pseudotty: getting file name of slave device...
./pseudotty: /dev/pts/3
./pseudotty: opening slave device
./pseudotty: attempting to set window size
./pseudotty: ...succeeded
./pseudotty: opening control channel
./pseudotty: + entering main loopexec

+ LIBC_FATAL_STDERR_=1
+ export LIBC_FATAL_STDERR
+ run_ginfo -f intera -n Xref target crosses lines
+ rm -f t/xref-across-lines.sh.finished
+ mkfifo t/xref-across-lines.sh.finished
+ SUBSHELL=27566
+ exec
+ exec
+ exec
+ ./ginfo+  --init-fileexec ./t/Infokey-config
 -f+  interafindprog -n pgrep Xref target crosses lines

+ saveIFS= 	

+ IFS=:
+ IFS= 	

+ test -f /usr/local/bin/pgrep
+ test -f /usr/local/bin/pgrep.exe
+ IFS= 	

+ test -f /usr/bin/pgrep
+ test -x /usr/bin/pgrep
+ return 0
+ echo Fetching PID of ginfo process under test...
Fetching PID of ginfo process under test...
+ GINFO_PID=
+ pgrep -P 27566 ginfo
info: "./t/Infokey-config", line 2: unknown action `xxx-not-recognized'
info: "./t/Infokey-config", line 3: cannot bind key sequence to menu-digit
+ test 0 -eq 0
+ GINFO_PID=27567
+ test 0 -eq 99
+ echo 27567
+ grep ^0$\|^1$
+ wc -l
+ echo 27567
+ grep -v ^[0-9]*$
+ test 1 -eq 0
+ echo 27567
+ tr -d \n
+ GINFO_PID=27567
+ test 27567 = 
+ break
+ test 27567 = 
+ echo ...27567
...27567
+ printf \t\rDq
+ . ./t/Timeout-test.inc
+ TIMED_OUT=
+ status=0
./pseudotty: trying to read
./pseudotty: read byte 0x09
./pseudotty: trying to read
./pseudotty: read byte 0x0D
./pseudotty: trying to read
./pseudotty: read byte 0x44
./pseudotty: trying to read
./pseudotty: read byte 0x71
+ read+ test 0 -eq 0
+ echo finished
 -t 0
./t/xref-across-lines.sh: 26: read: Illegal option -t
+ test 2 != 2
+ exit 1
+ test 1 != 0
+ status=2
+ test 2 != 2
+ test 2 != 2
+ RETVAL=0
+ test 2 = 1
+ test 2 != 0 -a 2 -le 128
+ rm -f t/xref-across-lines.sh.finished
+ echo read -t not supported - test skipped
read -t not supported - test skipped
+ RETVAL=77
+ cleanup
+ test 27551 -ne 0
+ kill 27551
+ test 27566 -ne 0
+ kill 27566
./t/xref-across-lines.sh: 74: kill: No such process

+ rm -f t/xref-across-lines.sh.out
+ rm -f t/xref-across-lines.sh.pipein t/xref-across-lines.sh.pipeout
+ rm -f t/xref-across-lines.sh.finished
+ test yes = yes
+ stty
+ grep [-]echo
stty: 'standard input': Inappropriate ioctl for device
+ test -n 
+ exit 77
SKIP t/xref-across-lines.sh (exit status: 77)
