+ srcdir=.
+ GINFO=./ginfo --init-file ./t/Infokey-config
+ GINFO_NAME=ginfo
+ infodir=./t/infodir
+ export infodir
+ INFOPATH=./t/infodir
+ export INFOPATH
+ t=./t
+ export t
+ basename ./t/xref-to-anchor.sh.out
+ GINFO_OUTPUT=t/xref-to-anchor.sh.out
+ basename ./t/xref-to-anchor.sh.pipein
+ PIPEIN=t/xref-to-anchor.sh.pipein
+ basename ./t/xref-to-anchor.sh.pipeout
+ PTY_TYPE=t/xref-to-anchor.sh.pipeout
+ rm -f t/xref-to-anchor.sh.out
+ INFO_PRINT_COMMAND=>t/xref-to-anchor.sh.out
+ export INFO_PRINT_COMMAND
+ PTY_PID=0
+ SUBSHELL=0
+ LC_ALL=C
+ export LC_ALL
+ TERM=dumb
+ export TERM
+ STTY=true
+ reset_required=no
+ trap cleanup 2
+ . ./t/Init-inter.inc
+ test -x pseudotty
+ path_sep=:
+ TERM=vt100
+ export TERM
+ basename ./t/xref-to-anchor.sh.finished
+ FINISHEDFIFO=t/xref-to-anchor.sh.finished
+ findprog stty
+ saveIFS= 	

+ IFS=:
+ IFS= 	

+ test -f /usr/local/bin/stty
+ test -f /usr/local/bin/stty.exe
+ IFS= 	

+ test -f /usr/bin/stty
+ test -f /usr/bin/stty.exe
+ IFS= 	

+ test -f /bin/stty
+ test -x /bin/stty
+ return 0
+ STTY=stty
+ reset_required=yes
+ test yes=yes
+ stty
+ grep [-]echo
-echo
+ reset_required=no
+ rm -f t/xref-to-anchor.sh.pipein t/xref-to-anchor.sh.pipeout
+ findprog mkfifo
+ saveIFS= 	

+ IFS=:
+ IFS= 	

+ test -f /usr/local/bin/mkfifo
+ test -f /usr/local/bin/mkfifo.exe
+ IFS= 	

+ test -f /usr/bin/mkfifo
+ test -x /usr/bin/mkfifo
+ return 0
+ mkfifo t/xref-to-anchor.sh.pipein
+ mkfifo t/xref-to-anchor.sh.pipeout
+ test ! -r t/xref-to-anchor.sh.pipein
+ test ! -r t/xref-to-anchor.sh.pipeout
+ PTY_PID=28017
+ + read PTS_DEVICE
exec ./pseudotty t/xref-to-anchor.sh.pipeout
./pseudotty: getting pty master fd
./pseudotty: unlocking slave device
./pseudotty: getting file name of slave device...
./pseudotty: /dev/pts/2
./pseudotty: opening slave device
./pseudotty: attempting to set window size
./pseudotty: ...succeeded
./pseudotty: opening control channel
+ exec
+ LIBC_FATAL_STDERR_=1
+ export LIBC_FATAL_STDERR
+ run_ginfo -f xref_to_anchor
+ rm -f t/xref-to-anchor.sh.finished
./pseudotty: entering main loop
+ mkfifo t/xref-to-anchor.sh.finished
+ SUBSHELL=28029
+ exec
+ exec
+ exec+ 
./ginfo --init-file ./t/Infokey-config+  -fexec xref_to_anchor

+ findprog pgrep
+ saveIFS= 	

+ IFS=:
+ IFS= 	

+ test -f /usr/local/bin/pgrep
+ test -f /usr/local/bin/pgrep.exe
+ IFS= 	

+ test -f /usr/bin/pgrep
+ test -x /usr/bin/pgrep
+ return 0
+ echo Fetching PID of ginfo process under test...
Fetching PID of ginfo process under test...
+ GINFO_PID=
+ pgrep -P 28029 ginfo
info: "./t/Infokey-config", line 2: unknown action `xxx-not-recognized'
info: "./t/Infokey-config", line 3: cannot bind key sequence to menu-digit
+ test 0 -eq 0
+ GINFO_PID=28030
+ test 0 -eq 99
+ grep ^0$\|^1$
+ echo 28030
+ wc -l
+ echo 28030
+ grep -v ^[0-9]*$
+ test 1 -eq 0
+ + echo 28030
tr -d \n
+ GINFO_PID=28030
+ test 28030 = 
+ break
+ test 28030 = 
+ echo ...28030
...28030
+ printf \t\r
./pseudotty: + trying to readprintf
 \6\6\rDq
./pseudotty: read byte 0x09
+ . ./t/Timeout-test.inc
./pseudotty: trying to read
./pseudotty: read byte 0x0D
+ TIMED_OUT=./pseudotty: 
trying to read
./pseudotty: + read byte 0x06status=0

./pseudotty: trying to read
./pseudotty: read byte 0x06
./pseudotty: trying to read
./pseudotty: read byte 0x0D
./pseudotty: trying to read
./pseudotty: read byte 0x44
./pseudotty: trying to read
./pseudotty: read byte 0x71
+ read -t 0
./t/xref-to-anchor.sh: 26: read: Illegal option -t
+ test 2 != 2
+ exit 1
+ test 1 != 0
+ status=2
+ test 2 != 2
+ test 2 != 2
+ + testRETVAL=0 0
 -eq 0
+ test+  2echo = finished 1

+ test 2 != 0 -a 2 -le 128
+ rm -f t/xref-to-anchor.sh.finished
+ echo read -t not supported - test skipped
read -t not supported - test skipped
+ RETVAL=77
+ cleanup
+ test 28017 -ne 0
+ kill 28017
+ test 28029 -ne 0
+ kill 28029
./t/xref-to-anchor.sh: 74: kill: No such process

+ rm -f t/xref-to-anchor.sh.out
+ rm -f t/xref-to-anchor.sh.pipein t/xref-to-anchor.sh.pipeout
+ rm -f t/xref-to-anchor.sh.finished
+ test no = yes
+ test -n 
+ exit 77
SKIP t/xref-to-anchor.sh (exit status: 77)
